<?xml version="1.0" encoding="UTF-8"?>
<testsuites name="TestSuiteCompra" time="592.245" tests="1" failures="0" errors="0">
   <testsuite name="TestSuiteCompra" tests="1" failures="0" errors="0" time="592.245" skipped="0" timestamp="2022-02-03 10:15:36" hostname="Nayeli Martinez - 192.168.0.19" id="Test Suites/TestSuiteCompra">
      <properties>
         <property name="deviceName" value=""/>
         <property name="devicePlatform" value=""/>
         <property name="logFolder" value="C:\\Users\\Nayeli Martinez\\git\\KatalonStudio\\Reports\\20220203_101529\\TestSuiteCompra\\20220203_101529"/>
         <property name="logFiles" value="C:\\Users\\Nayeli Martinez\\git\\KatalonStudio\\Reports\\20220203_101529\\TestSuiteCompra\\20220203_101529\\execution0.log"/>
         <property name="attachments" value=""/>
         <property name="hostName" value="Nayeli Martinez - 192.168.0.19"/>
         <property name="os" value="Windows 10 64bit"/>
         <property name="katalonVersion" value="8.2.5.208"/>
         <property name="browser" value="Chrome 97.0.4692.99"/>
         <property name="hostAddress" value="192.168.0.19"/>
         <property name="sessionId" value="7f26971421969d455eea47150736b707"/>
         <property name="seleniumVersion" value="3.141.59"/>
         <property name="proxyInformation" value="ProxyInformation { proxyOption=NO_PROXY, proxyServerType=HTTP, username=, password=********, proxyServerAddress=, proxyServerPort=0, executionList=&quot;&quot;, isApplyToDesiredCapabilities=true }"/>
         <property name="platform" value="Windows 10"/>
      </properties>
      <testcase name="Test Cases/Ejercicio3/TestCaseCompra" time="591.646" classname="Test Cases/Ejercicio3/TestCaseCompra" status="PASSED">
         <system-out><![CDATA[2022-02-03 10:15:36 - [TEST_CASE][PASSED] - Test Cases/Ejercicio3/TestCaseCompra: Test Cases/Ejercicio3/TestCaseCompra

2022-02-03 10:15:37 - [TEST_STEP][PASSED] - openBrowser(""): Browser is opened with url: ''

2022-02-03 10:15:38 - [MESSAGE][INFO] - Starting 'Chrome' driver

2022-02-03 10:15:38 - [MESSAGE][INFO] - Action delay is set to 0 milliseconds

2022-02-03 10:15:44 - [MESSAGE][PASSED] - Browser is opened with url: ''

2022-02-03 10:15:44 - [TEST_STEP][PASSED] - navigateToUrl("https://www.amazon.com/ap/signin?_encoding=UTF8&language=es&openid.assoc_handle=usflex&openid.claimed_id=http%3A%2F%2Fspecs.openid.net%2Fauth%2F2.0%2Fidentifier_select&openid.identity=http%3A%2F%2Fspecs.openid.net%2Fauth%2F2.0%2Fidentifier_select&openid.mode=checkid_setup&openid.ns=http%3A%2F%2Fspecs.openid.net%2Fauth%2F2.0&openid.ns.pape=http%3A%2F%2Fspecs.openid.net%2Fextensions%2Fpape%2F1.0&openid.pape.max_auth_age=0&openid.return_to=https%3A%2F%2Fwww.amazon.com%2Fgp%2Fyourstore%2Fhome%3Fie%3DUTF8%26action%3Dsign-out%26language%3Des%26path%3D%252Fgp%252Fyourstore%252Fhome%26ref_%3Dnav_AccountFlyout_signout%26signIn%3D1%26useRedirectOnSuccess%3D1"): Navigate to 'https://www.amazon.com/ap/signin?_encoding=UTF8&language=es&openid.assoc_handle=usflex&openid.claimed_id=http%3A%2F%2Fspecs.openid.net%2Fauth%2F2.0%2Fidentifier_select&openid.identity=http%3A%2F%2Fspecs.openid.net%2Fauth%2F2.0%2Fidentifier_select&openid.mode=checkid_setup&openid.ns=http%3A%2F%2Fspecs.openid.net%2Fauth%2F2.0&openid.ns.pape=http%3A%2F%2Fspecs.openid.net%2Fextensions%2Fpape%2F1.0&openid.pape.max_auth_age=0&openid.return_to=https%3A%2F%2Fwww.amazon.com%2Fgp%2Fyourstore%2Fhome%3Fie%3DUTF8%26action%3Dsign-out%26language%3Des%26path%3D%252Fgp%252Fyourstore%252Fhome%26ref_%3Dnav_AccountFlyout_signout%26signIn%3D1%26useRedirectOnSuccess%3D1' successfully

2022-02-03 10:15:47 - [MESSAGE][PASSED] - Navigate to 'https://www.amazon.com/ap/signin?_encoding=UTF8&language=es&openid.assoc_handle=usflex&openid.claimed_id=http%3A%2F%2Fspecs.openid.net%2Fauth%2F2.0%2Fidentifier_select&openid.identity=http%3A%2F%2Fspecs.openid.net%2Fauth%2F2.0%2Fidentifier_select&openid.mode=checkid_setup&openid.ns=http%3A%2F%2Fspecs.openid.net%2Fauth%2F2.0&openid.ns.pape=http%3A%2F%2Fspecs.openid.net%2Fextensions%2Fpape%2F1.0&openid.pape.max_auth_age=0&openid.return_to=https%3A%2F%2Fwww.amazon.com%2Fgp%2Fyourstore%2Fhome%3Fie%3DUTF8%26action%3Dsign-out%26language%3Des%26path%3D%252Fgp%252Fyourstore%252Fhome%26ref_%3Dnav_AccountFlyout_signout%26signIn%3D1%26useRedirectOnSuccess%3D1' successfully

2022-02-03 10:15:47 - [TEST_STEP][PASSED] - maximizeWindow(): Current window maximized

2022-02-03 10:15:48 - [MESSAGE][PASSED] - Current window maximized

2022-02-03 10:15:48 - [TEST_STEP][PASSED] - verifyElementPresent(findTestObject("CompraAmazon/Page_Amazon Iniciar sesin/input_Direccin de correo electrnico o nmero_cfb2c0"), 0): Object 'Object Repository/CompraAmazon/Page_Amazon Iniciar sesin/input_Direccin de correo electrnico o nmero_cfb2c0' is present

2022-02-03 10:15:48 - [MESSAGE][WARNING] - Timeout '0' is invalid. Using default page load timeout: '30'

2022-02-03 10:15:49 - [MESSAGE][PASSED] - Object 'Object Repository/CompraAmazon/Page_Amazon Iniciar sesin/input_Direccin de correo electrnico o nmero_cfb2c0' is present

2022-02-03 10:15:49 - [TEST_STEP][PASSED] - setText(findTestObject("Object Repository/CompraAmazon/Page_Amazon Iniciar sesin/input_Direccin de correo electrnico o nmero_cfb2c0"), Username): Text ' nayeliangelicamartinezmoreta@gmail.com' is set on object 'Object Repository/CompraAmazon/Page_Amazon Iniciar sesin/input_Direccin de correo electrnico o nmero_cfb2c0'

2022-02-03 10:15:54 - [MESSAGE][PASSED] - Text ' nayeliangelicamartinezmoreta@gmail.com' is set on object 'Object Repository/CompraAmazon/Page_Amazon Iniciar sesin/input_Direccin de correo electrnico o nmero_cfb2c0'

2022-02-03 10:15:54 - [TEST_STEP][PASSED] - verifyElementClickable(findTestObject("CompraAmazon/Page_Amazon Iniciar sesin/input_Escriba su correo electrnico o su nme_4466f0")): Object 'Object Repository/CompraAmazon/Page_Amazon Iniciar sesin/input_Escriba su correo electrnico o su nme_4466f0' is clickable

2022-02-03 10:15:54 - [MESSAGE][PASSED] - Object 'Object Repository/CompraAmazon/Page_Amazon Iniciar sesin/input_Escriba su correo electrnico o su nme_4466f0' is clickable

2022-02-03 10:15:54 - [TEST_STEP][PASSED] - click(findTestObject("Object Repository/CompraAmazon/Page_Amazon Iniciar sesin/input_Escriba su correo electrnico o su nme_4466f0")): Object: 'Object Repository/CompraAmazon/Page_Amazon Iniciar sesin/input_Escriba su correo electrnico o su nme_4466f0' is clicked on

2022-02-03 10:15:56 - [MESSAGE][PASSED] - Object: 'Object Repository/CompraAmazon/Page_Amazon Iniciar sesin/input_Escriba su correo electrnico o su nme_4466f0' is clicked on

2022-02-03 10:15:56 - [TEST_STEP][PASSED] - verifyElementPresent(findTestObject("CompraAmazon/Page_Amazon Iniciar sesin/input_Olvidaste tu contrasea_password"), 0): Object 'Object Repository/CompraAmazon/Page_Amazon Iniciar sesin/input_Olvidaste tu contrasea_password' is present

2022-02-03 10:15:56 - [MESSAGE][WARNING] - Timeout '0' is invalid. Using default page load timeout: '30'

2022-02-03 10:15:56 - [MESSAGE][PASSED] - Object 'Object Repository/CompraAmazon/Page_Amazon Iniciar sesin/input_Olvidaste tu contrasea_password' is present

2022-02-03 10:15:56 - [TEST_STEP][PASSED] - setEncryptedText(findTestObject("Object Repository/CompraAmazon/Page_Amazon Iniciar sesin/input_Olvidaste tu contrasea_password"), Password): Text ****** has been set on object 'Object Repository/CompraAmazon/Page_Amazon Iniciar sesin/input_Olvidaste tu contrasea_password'

2022-02-03 10:15:57 - [MESSAGE][PASSED] - Text ****** has been set on object 'Object Repository/CompraAmazon/Page_Amazon Iniciar sesin/input_Olvidaste tu contrasea_password'

2022-02-03 10:15:57 - [TEST_STEP][PASSED] - verifyElementClickable(findTestObject("CompraAmazon/Page_Amazon Iniciar sesin/input_Introduce tu contrasea_signInSubmit")): Object 'Object Repository/CompraAmazon/Page_Amazon Iniciar sesin/input_Introduce tu contrasea_signInSubmit' is clickable

2022-02-03 10:15:58 - [MESSAGE][PASSED] - Object 'Object Repository/CompraAmazon/Page_Amazon Iniciar sesin/input_Introduce tu contrasea_signInSubmit' is clickable

2022-02-03 10:15:58 - [TEST_STEP][PASSED] - click(findTestObject("Object Repository/CompraAmazon/Page_Amazon Iniciar sesin/input_Introduce tu contrasea_signInSubmit")): Object: 'Object Repository/CompraAmazon/Page_Amazon Iniciar sesin/input_Introduce tu contrasea_signInSubmit' is clicked on

2022-02-03 10:15:58 - [MESSAGE][PASSED] - Object: 'Object Repository/CompraAmazon/Page_Amazon Iniciar sesin/input_Introduce tu contrasea_signInSubmit' is clicked on

2022-02-03 10:15:58 - [TEST_STEP][PASSED] - verifyElementClickable(findTestObject("CompraAmazon/Page_/div_window.navmet.tmpnew Date()            _9630da")): Object 'Object Repository/CompraAmazon/Page_/div_window.navmet.tmpnew Date()            _9630da' is clickable

2022-02-03 10:16:02 - [MESSAGE][PASSED] - Object 'Object Repository/CompraAmazon/Page_/div_window.navmet.tmpnew Date()            _9630da' is clickable

2022-02-03 10:16:02 - [TEST_STEP][PASSED] - click(findTestObject("Object Repository/CompraAmazon/Page_/div_window.navmet.tmpnew Date()            _9630da")): Object: 'Object Repository/CompraAmazon/Page_/div_window.navmet.tmpnew Date()            _9630da' is clicked on

2022-02-03 10:16:04 - [MESSAGE][PASSED] - Object: 'Object Repository/CompraAmazon/Page_/div_window.navmet.tmpnew Date()            _9630da' is clicked on

2022-02-03 10:16:04 - [TEST_STEP][PASSED] - verifyElementPresent(findTestObject("CompraAmazon/Page_/input_Todos_field-keywords"), 0): Object 'Object Repository/CompraAmazon/Page_/input_Todos_field-keywords' is present

2022-02-03 10:16:04 - [MESSAGE][WARNING] - Timeout '0' is invalid. Using default page load timeout: '30'

2022-02-03 10:16:05 - [MESSAGE][PASSED] - Object 'Object Repository/CompraAmazon/Page_/input_Todos_field-keywords' is present

2022-02-03 10:16:05 - [TEST_STEP][PASSED] - setText(findTestObject("Object Repository/CompraAmazon/Page_/input_Todos_field-keywords"), "lap"): Text 'lap' is set on object 'Object Repository/CompraAmazon/Page_/input_Todos_field-keywords'

2022-02-03 10:16:06 - [MESSAGE][PASSED] - Text 'lap' is set on object 'Object Repository/CompraAmazon/Page_/input_Todos_field-keywords'

2022-02-03 10:16:06 - [TEST_STEP][PASSED] - verifyElementClickable(findTestObject("CompraAmazon/Page_/div_laptop en Computadoras")): Object 'Object Repository/CompraAmazon/Page_/div_laptop en Computadoras' is clickable

2022-02-03 10:16:07 - [MESSAGE][PASSED] - Object 'Object Repository/CompraAmazon/Page_/div_laptop en Computadoras' is clickable

2022-02-03 10:16:07 - [TEST_STEP][PASSED] - click(findTestObject("Object Repository/CompraAmazon/Page_/div_laptop en Computadoras")): Object: 'Object Repository/CompraAmazon/Page_/div_laptop en Computadoras' is clicked on

2022-02-03 10:16:13 - [MESSAGE][PASSED] - Object: 'Object Repository/CompraAmazon/Page_/div_laptop en Computadoras' is clicked on

2022-02-03 10:16:13 - [TEST_STEP][PASSED] - verifyElementClickable(findTestObject("CompraAmazon/Page_Amazon.com  laptop/img_Juegos_s-image")): Object 'Object Repository/CompraAmazon/Page_Amazon.com  laptop/img_Juegos_s-image' is clickable

2022-02-03 10:16:44 - [MESSAGE][INFO] - Unable to find the element located by 'By.xpath: //div[@id='search']/div/div/div/span[3]/div[2]/div[2]/div/div/div/div/div/div/div/div/div/div[2]/div/span/a/div/img'. Please recheck the objects properties to make sure the desired element is located. 

2022-02-03 10:16:44 - [MESSAGE][WARNING] - [SELF-HEALING] Failed to find element with id 'Object Repository/CompraAmazon/Page_Amazon.com  laptop/img_Juegos_s-image'. Try using Self-healing.

2022-02-03 10:16:44 - [MESSAGE][WARNING] - [SELF-HEALING] The current locator of test object 'Object Repository/CompraAmazon/Page_Amazon.com  laptop/img_Juegos_s-image' was broken. Propose an alternative one: '//img[@alt='Anuncio Patrocinado - Samsung Galaxy Book Pro laptop, Windows 11 Intel Evo Platform, pantalla AMOLED de 15.6 pulgadas, 11ª...']'.

2022-02-03 10:16:45 - [MESSAGE][PASSED] - Object 'Object Repository/CompraAmazon/Page_Amazon.com  laptop/img_Juegos_s-image' is clickable

2022-02-03 10:16:45 - [TEST_STEP][PASSED] - click(findTestObject("Object Repository/CompraAmazon/Page_Amazon.com  laptop/img_Juegos_s-image")): Object: 'Object Repository/CompraAmazon/Page_Amazon.com  laptop/img_Juegos_s-image' is clicked on

2022-02-03 10:17:16 - [MESSAGE][INFO] - Unable to find the element located by 'By.xpath: //div[@id='search']/div/div/div/span[3]/div[2]/div[2]/div/div/div/div/div/div/div/div/div/div[2]/div/span/a/div/img'. Please recheck the objects properties to make sure the desired element is located. 

2022-02-03 10:17:16 - [MESSAGE][WARNING] - [SELF-HEALING] Failed to find element with id 'Object Repository/CompraAmazon/Page_Amazon.com  laptop/img_Juegos_s-image'. Try using Self-healing.

2022-02-03 10:17:16 - [MESSAGE][WARNING] - [SELF-HEALING] The current locator of test object 'Object Repository/CompraAmazon/Page_Amazon.com  laptop/img_Juegos_s-image' was broken. Propose an alternative one: '//img[@alt='Anuncio Patrocinado - Samsung Galaxy Book Pro laptop, Windows 11 Intel Evo Platform, pantalla AMOLED de 15.6 pulgadas, 11ª...']'.

2022-02-03 10:17:22 - [MESSAGE][PASSED] - Object: 'Object Repository/CompraAmazon/Page_Amazon.com  laptop/img_Juegos_s-image' is clicked on

2022-02-03 10:17:22 - [TEST_STEP][PASSED] - verifyElementClickable(findTestObject("CompraAmazon/Page_Amazon.com Samsung Galaxy Book Pro lap_f797b1/input_Cantidad_submit.add-to-cart")): Object 'Object Repository/CompraAmazon/Page_Amazon.com Samsung Galaxy Book Pro lap_f797b1/input_Cantidad_submit.add-to-cart' is clickable

2022-02-03 10:17:24 - [MESSAGE][PASSED] - Object 'Object Repository/CompraAmazon/Page_Amazon.com Samsung Galaxy Book Pro lap_f797b1/input_Cantidad_submit.add-to-cart' is clickable

2022-02-03 10:17:24 - [TEST_STEP][PASSED] - click(findTestObject("Object Repository/CompraAmazon/Page_Amazon.com Samsung Galaxy Book Pro lap_f797b1/input_Cantidad_submit.add-to-cart")): Object: 'Object Repository/CompraAmazon/Page_Amazon.com Samsung Galaxy Book Pro lap_f797b1/input_Cantidad_submit.add-to-cart' is clicked on

2022-02-03 10:17:25 - [MESSAGE][PASSED] - Object: 'Object Repository/CompraAmazon/Page_Amazon.com Samsung Galaxy Book Pro lap_f797b1/input_Cantidad_submit.add-to-cart' is clicked on

2022-02-03 10:17:25 - [TEST_STEP][PASSED] - verifyElementClickable(findTestObject("CompraAmazon/Page_Amazon.com Samsung Galaxy Book Pro lap_f797b1/input_US899.99_a-button-input")): Object 'Object Repository/CompraAmazon/Page_Amazon.com Samsung Galaxy Book Pro lap_f797b1/input_US899.99_a-button-input' is clickable

2022-02-03 10:17:28 - [MESSAGE][PASSED] - Object 'Object Repository/CompraAmazon/Page_Amazon.com Samsung Galaxy Book Pro lap_f797b1/input_US899.99_a-button-input' is clickable

2022-02-03 10:17:28 - [TEST_STEP][PASSED] - click(findTestObject("Object Repository/CompraAmazon/Page_Amazon.com Samsung Galaxy Book Pro lap_f797b1/input_US899.99_a-button-input")): Object: 'Object Repository/CompraAmazon/Page_Amazon.com Samsung Galaxy Book Pro lap_f797b1/input_US899.99_a-button-input' is clicked on

2022-02-03 10:17:31 - [MESSAGE][PASSED] - Object: 'Object Repository/CompraAmazon/Page_Amazon.com Samsung Galaxy Book Pro lap_f797b1/input_US899.99_a-button-input' is clicked on

2022-02-03 10:17:31 - [TEST_STEP][PASSED] - verifyElementClickable(findTestObject("CompraAmazon/Page_Selecciona un mtodo de pago - Compra A_c0f8a6/input_Amazon acepta las principales tarjeta_387d7f")): Object 'Object Repository/CompraAmazon/Page_Selecciona un mtodo de pago - Compra A_c0f8a6/input_Amazon acepta las principales tarjeta_387d7f' is clickable

2022-02-03 10:17:32 - [MESSAGE][PASSED] - Object 'Object Repository/CompraAmazon/Page_Selecciona un mtodo de pago - Compra A_c0f8a6/input_Amazon acepta las principales tarjeta_387d7f' is clickable

2022-02-03 10:17:32 - [TEST_STEP][PASSED] - click(findTestObject("Object Repository/CompraAmazon/Page_Selecciona un mtodo de pago - Compra A_c0f8a6/input_Amazon acepta las principales tarjeta_387d7f")): Object: 'Object Repository/CompraAmazon/Page_Selecciona un mtodo de pago - Compra A_c0f8a6/input_Amazon acepta las principales tarjeta_387d7f' is clicked on

2022-02-03 10:17:32 - [MESSAGE][PASSED] - Object: 'Object Repository/CompraAmazon/Page_Selecciona un mtodo de pago - Compra A_c0f8a6/input_Amazon acepta las principales tarjeta_387d7f' is clicked on

2022-02-03 10:17:32 - [TEST_STEP][PASSED] - setText(findTestObject("Object Repository/CompraAmazon/Page_Selecciona un mtodo de pago - Compra A_c0f8a6/input_Nmero de tarjeta_addCreditCardNumber"), NumberV): Text '4594 1300 5314 1270' is set on object 'Object Repository/CompraAmazon/Page_Selecciona un mtodo de pago - Compra A_c0f8a6/input_Nmero de tarjeta_addCreditCardNumber'

2022-02-03 10:18:03 - [MESSAGE][INFO] - Unable to find the element located by 'By.xpath: //iframe[@id='pp-Hp5bjH-67']'. Please recheck the objects properties to make sure the desired element is located. 

2022-02-03 10:18:03 - [MESSAGE][WARNING] - [SELF-HEALING] Failed to find element with id 'Object Repository/CompraAmazon/Page_Selecciona un mtodo de pago - Compra A_c0f8a6/iframe_Puedes revisar el pedido antes de fi_3ccd25'. Try using Self-healing.

2022-02-03 10:18:04 - [MESSAGE][WARNING] - [SELF-HEALING] The current locator of test object 'Object Repository/CompraAmazon/Page_Selecciona un mtodo de pago - Compra A_c0f8a6/iframe_Puedes revisar el pedido antes de fi_3ccd25' was broken. Propose an alternative one: '//div[@id='apx-content']/div/div[2]/div[2]/div/iframe'.

2022-02-03 10:18:35 - [MESSAGE][INFO] - Unable to find the element located by 'By.xpath: //input[@id='pp-XqX9ar-15']'. Please recheck the objects properties to make sure the desired element is located. 

2022-02-03 10:18:35 - [MESSAGE][WARNING] - [SELF-HEALING] Failed to find element with id 'Object Repository/CompraAmazon/Page_Selecciona un mtodo de pago - Compra A_c0f8a6/input_Nmero de tarjeta_addCreditCardNumber'. Try using Self-healing.

2022-02-03 10:18:35 - [MESSAGE][WARNING] - [SELF-HEALING] The current locator of test object 'Object Repository/CompraAmazon/Page_Selecciona un mtodo de pago - Compra A_c0f8a6/input_Nmero de tarjeta_addCreditCardNumber' was broken. Propose an alternative one: '//div/input'.

2022-02-03 10:19:06 - [MESSAGE][INFO] - Unable to find the element located by 'By.xpath: //input[@id='pp-XqX9ar-15']'. Please recheck the objects properties to make sure the desired element is located. 

2022-02-03 10:19:06 - [MESSAGE][WARNING] - [SELF-HEALING] Failed to find element with id 'Object Repository/CompraAmazon/Page_Selecciona un mtodo de pago - Compra A_c0f8a6/input_Nmero de tarjeta_addCreditCardNumber'. Try using Self-healing.

2022-02-03 10:19:06 - [MESSAGE][WARNING] - [SELF-HEALING] The current locator of test object 'Object Repository/CompraAmazon/Page_Selecciona un mtodo de pago - Compra A_c0f8a6/input_Nmero de tarjeta_addCreditCardNumber' was broken. Propose an alternative one: '//div/input'.

2022-02-03 10:19:06 - [MESSAGE][PASSED] - Text '4594 1300 5314 1270' is set on object 'Object Repository/CompraAmazon/Page_Selecciona un mtodo de pago - Compra A_c0f8a6/input_Nmero de tarjeta_addCreditCardNumber'

2022-02-03 10:19:06 - [TEST_STEP][PASSED] - setText(findTestObject("Object Repository/CompraAmazon/Page_Selecciona un mtodo de pago - Compra A_c0f8a6/input_Nombre en la tarjeta_ppw-accountHolderName"), NameV): Text 'Visa' is set on object 'Object Repository/CompraAmazon/Page_Selecciona un mtodo de pago - Compra A_c0f8a6/input_Nombre en la tarjeta_ppw-accountHolderName'

2022-02-03 10:19:38 - [MESSAGE][INFO] - Unable to find the element located by 'By.xpath: //iframe[@id='pp-Hp5bjH-67']'. Please recheck the objects properties to make sure the desired element is located. 

2022-02-03 10:19:38 - [MESSAGE][WARNING] - [SELF-HEALING] Failed to find element with id 'Object Repository/CompraAmazon/Page_Selecciona un mtodo de pago - Compra A_c0f8a6/iframe_Puedes revisar el pedido antes de fi_3ccd25'. Try using Self-healing.

2022-02-03 10:19:38 - [MESSAGE][WARNING] - [SELF-HEALING] The current locator of test object 'Object Repository/CompraAmazon/Page_Selecciona un mtodo de pago - Compra A_c0f8a6/iframe_Puedes revisar el pedido antes de fi_3ccd25' was broken. Propose an alternative one: '//div[@id='apx-content']/div/div[2]/div[2]/div/iframe'.

2022-02-03 10:20:09 - [MESSAGE][INFO] - Unable to find the element located by 'By.xpath: //input[@id='pp-XqX9ar-17']'. Please recheck the objects properties to make sure the desired element is located. 

2022-02-03 10:20:09 - [MESSAGE][WARNING] - [SELF-HEALING] Failed to find element with id 'Object Repository/CompraAmazon/Page_Selecciona un mtodo de pago - Compra A_c0f8a6/input_Nombre en la tarjeta_ppw-accountHolderName'. Try using Self-healing.

2022-02-03 10:20:09 - [MESSAGE][WARNING] - [SELF-HEALING] The current locator of test object 'Object Repository/CompraAmazon/Page_Selecciona un mtodo de pago - Compra A_c0f8a6/input_Nombre en la tarjeta_ppw-accountHolderName' was broken. Propose an alternative one: '//div[2]/input'.

2022-02-03 10:20:40 - [MESSAGE][INFO] - Unable to find the element located by 'By.xpath: //input[@id='pp-XqX9ar-17']'. Please recheck the objects properties to make sure the desired element is located. 

2022-02-03 10:20:40 - [MESSAGE][WARNING] - [SELF-HEALING] Failed to find element with id 'Object Repository/CompraAmazon/Page_Selecciona un mtodo de pago - Compra A_c0f8a6/input_Nombre en la tarjeta_ppw-accountHolderName'. Try using Self-healing.

2022-02-03 10:20:40 - [MESSAGE][WARNING] - [SELF-HEALING] The current locator of test object 'Object Repository/CompraAmazon/Page_Selecciona un mtodo de pago - Compra A_c0f8a6/input_Nombre en la tarjeta_ppw-accountHolderName' was broken. Propose an alternative one: '//div[2]/input'.

2022-02-03 10:20:40 - [MESSAGE][PASSED] - Text 'Visa' is set on object 'Object Repository/CompraAmazon/Page_Selecciona un mtodo de pago - Compra A_c0f8a6/input_Nombre en la tarjeta_ppw-accountHolderName'

2022-02-03 10:20:40 - [TEST_STEP][PASSED] - click(findTestObject("Object Repository/CompraAmazon/Page_Selecciona un mtodo de pago - Compra A_c0f8a6/span_01")): Object: 'Object Repository/CompraAmazon/Page_Selecciona un mtodo de pago - Compra A_c0f8a6/span_01' is clicked on

2022-02-03 10:21:12 - [MESSAGE][INFO] - Unable to find the element located by 'By.xpath: //iframe[@id='pp-Hp5bjH-67']'. Please recheck the objects properties to make sure the desired element is located. 

2022-02-03 10:21:12 - [MESSAGE][WARNING] - [SELF-HEALING] Failed to find element with id 'Object Repository/CompraAmazon/Page_Selecciona un mtodo de pago - Compra A_c0f8a6/iframe_Puedes revisar el pedido antes de fi_3ccd25'. Try using Self-healing.

2022-02-03 10:21:12 - [MESSAGE][WARNING] - [SELF-HEALING] The current locator of test object 'Object Repository/CompraAmazon/Page_Selecciona un mtodo de pago - Compra A_c0f8a6/iframe_Puedes revisar el pedido antes de fi_3ccd25' was broken. Propose an alternative one: '//div[@id='apx-content']/div/div[2]/div[2]/div/iframe'.

2022-02-03 10:21:43 - [MESSAGE][INFO] - Unable to find the element located by 'By.xpath: //span[@id='pp-XqX9ar-21']/span/span'. Please recheck the objects properties to make sure the desired element is located. 

2022-02-03 10:21:43 - [MESSAGE][WARNING] - [SELF-HEALING] Failed to find element with id 'Object Repository/CompraAmazon/Page_Selecciona un mtodo de pago - Compra A_c0f8a6/span_01'. Try using Self-healing.

2022-02-03 10:21:43 - [MESSAGE][WARNING] - [SELF-HEALING] The current locator of test object 'Object Repository/CompraAmazon/Page_Selecciona un mtodo de pago - Compra A_c0f8a6/span_01' was broken. Propose an alternative one: '(.//*[normalize-space(text()) and normalize-space(.)='Fecha de vencimiento'])[1]/following::span[4]'.

2022-02-03 10:21:43 - [MESSAGE][PASSED] - Object: 'Object Repository/CompraAmazon/Page_Selecciona un mtodo de pago - Compra A_c0f8a6/span_01' is clicked on

2022-02-03 10:21:43 - [TEST_STEP][PASSED] - click(findTestObject("Object Repository/CompraAmazon/Page_Selecciona un mtodo de pago - Compra A_c0f8a6/a_02")): Object: 'Object Repository/CompraAmazon/Page_Selecciona un mtodo de pago - Compra A_c0f8a6/a_02' is clicked on

2022-02-03 10:22:15 - [MESSAGE][INFO] - Unable to find the element located by 'By.xpath: //iframe[@id='pp-Hp5bjH-67']'. Please recheck the objects properties to make sure the desired element is located. 

2022-02-03 10:22:15 - [MESSAGE][WARNING] - [SELF-HEALING] Failed to find element with id 'Object Repository/CompraAmazon/Page_Selecciona un mtodo de pago - Compra A_c0f8a6/iframe_Puedes revisar el pedido antes de fi_3ccd25'. Try using Self-healing.

2022-02-03 10:22:15 - [MESSAGE][WARNING] - [SELF-HEALING] The current locator of test object 'Object Repository/CompraAmazon/Page_Selecciona un mtodo de pago - Compra A_c0f8a6/iframe_Puedes revisar el pedido antes de fi_3ccd25' was broken. Propose an alternative one: '//div[@id='apx-content']/div/div[2]/div[2]/div/iframe'.

2022-02-03 10:22:46 - [MESSAGE][INFO] - Unable to find the element located by 'By.xpath: //a[@id='pp-XqX9ar-18_1']'. Please recheck the objects properties to make sure the desired element is located. 

2022-02-03 10:22:46 - [MESSAGE][WARNING] - [SELF-HEALING] Failed to find element with id 'Object Repository/CompraAmazon/Page_Selecciona un mtodo de pago - Compra A_c0f8a6/a_02'. Try using Self-healing.

2022-02-03 10:22:46 - [MESSAGE][WARNING] - [SELF-HEALING] The current locator of test object 'Object Repository/CompraAmazon/Page_Selecciona un mtodo de pago - Compra A_c0f8a6/a_02' was broken. Propose an alternative one: '//div[@id='a-popover-2']/div/div/ul/li[2]/a'.

2022-02-03 10:22:46 - [MESSAGE][PASSED] - Object: 'Object Repository/CompraAmazon/Page_Selecciona un mtodo de pago - Compra A_c0f8a6/a_02' is clicked on

2022-02-03 10:22:46 - [TEST_STEP][PASSED] - click(findTestObject("Object Repository/CompraAmazon/Page_Selecciona un mtodo de pago - Compra A_c0f8a6/span_2022")): Object: 'Object Repository/CompraAmazon/Page_Selecciona un mtodo de pago - Compra A_c0f8a6/span_2022' is clicked on

2022-02-03 10:23:17 - [MESSAGE][INFO] - Unable to find the element located by 'By.xpath: //iframe[@id='pp-Hp5bjH-67']'. Please recheck the objects properties to make sure the desired element is located. 

2022-02-03 10:23:17 - [MESSAGE][WARNING] - [SELF-HEALING] Failed to find element with id 'Object Repository/CompraAmazon/Page_Selecciona un mtodo de pago - Compra A_c0f8a6/iframe_Puedes revisar el pedido antes de fi_3ccd25'. Try using Self-healing.

2022-02-03 10:23:18 - [MESSAGE][WARNING] - [SELF-HEALING] The current locator of test object 'Object Repository/CompraAmazon/Page_Selecciona un mtodo de pago - Compra A_c0f8a6/iframe_Puedes revisar el pedido antes de fi_3ccd25' was broken. Propose an alternative one: '//div[@id='apx-content']/div/div[2]/div[2]/div/iframe'.

2022-02-03 10:23:49 - [MESSAGE][INFO] - Unable to find the element located by 'By.xpath: //span[@id='pp-XqX9ar-22']/span/span'. Please recheck the objects properties to make sure the desired element is located. 

2022-02-03 10:23:49 - [MESSAGE][WARNING] - [SELF-HEALING] Failed to find element with id 'Object Repository/CompraAmazon/Page_Selecciona un mtodo de pago - Compra A_c0f8a6/span_2022'. Try using Self-healing.

2022-02-03 10:23:49 - [MESSAGE][WARNING] - [SELF-HEALING] The current locator of test object 'Object Repository/CompraAmazon/Page_Selecciona un mtodo de pago - Compra A_c0f8a6/span_2022' was broken. Propose an alternative one: '(.//*[normalize-space(text()) and normalize-space(.)='Fecha de vencimiento'])[1]/following::span[10]'.

2022-02-03 10:23:49 - [MESSAGE][PASSED] - Object: 'Object Repository/CompraAmazon/Page_Selecciona un mtodo de pago - Compra A_c0f8a6/span_2022' is clicked on

2022-02-03 10:23:49 - [TEST_STEP][PASSED] - click(findTestObject("Object Repository/CompraAmazon/Page_Selecciona un mtodo de pago - Compra A_c0f8a6/a_2027")): Object: 'Object Repository/CompraAmazon/Page_Selecciona un mtodo de pago - Compra A_c0f8a6/a_2027' is clicked on

2022-02-03 10:24:20 - [MESSAGE][INFO] - Unable to find the element located by 'By.xpath: //iframe[@id='pp-Hp5bjH-67']'. Please recheck the objects properties to make sure the desired element is located. 

2022-02-03 10:24:20 - [MESSAGE][WARNING] - [SELF-HEALING] Failed to find element with id 'Object Repository/CompraAmazon/Page_Selecciona un mtodo de pago - Compra A_c0f8a6/iframe_Puedes revisar el pedido antes de fi_3ccd25'. Try using Self-healing.

2022-02-03 10:24:21 - [MESSAGE][WARNING] - [SELF-HEALING] The current locator of test object 'Object Repository/CompraAmazon/Page_Selecciona un mtodo de pago - Compra A_c0f8a6/iframe_Puedes revisar el pedido antes de fi_3ccd25' was broken. Propose an alternative one: '//div[@id='apx-content']/div/div[2]/div[2]/div/iframe'.

2022-02-03 10:24:52 - [MESSAGE][INFO] - Unable to find the element located by 'By.xpath: //a[@id='pp-XqX9ar-20_5']'. Please recheck the objects properties to make sure the desired element is located. 

2022-02-03 10:24:52 - [MESSAGE][WARNING] - [SELF-HEALING] Failed to find element with id 'Object Repository/CompraAmazon/Page_Selecciona un mtodo de pago - Compra A_c0f8a6/a_2027'. Try using Self-healing.

2022-02-03 10:24:52 - [MESSAGE][WARNING] - [SELF-HEALING] The current locator of test object 'Object Repository/CompraAmazon/Page_Selecciona un mtodo de pago - Compra A_c0f8a6/a_2027' was broken. Propose an alternative one: '//div[@id='a-popover-3']/div/div/ul/li[6]/a'.

2022-02-03 10:24:52 - [MESSAGE][PASSED] - Object: 'Object Repository/CompraAmazon/Page_Selecciona un mtodo de pago - Compra A_c0f8a6/a_2027' is clicked on

2022-02-03 10:24:52 - [TEST_STEP][PASSED] - click(findTestObject("Object Repository/CompraAmazon/Page_Selecciona un mtodo de pago - Compra A_c0f8a6/input_Cancelar_ppw-widgetEventAddCreditCardEvent")): Object: 'Object Repository/CompraAmazon/Page_Selecciona un mtodo de pago - Compra A_c0f8a6/input_Cancelar_ppw-widgetEventAddCreditCardEvent' is clicked on

2022-02-03 10:25:23 - [MESSAGE][INFO] - Unable to find the element located by 'By.xpath: //iframe[@id='pp-Hp5bjH-67']'. Please recheck the objects properties to make sure the desired element is located. 

2022-02-03 10:25:23 - [MESSAGE][WARNING] - [SELF-HEALING] Failed to find element with id 'Object Repository/CompraAmazon/Page_Selecciona un mtodo de pago - Compra A_c0f8a6/iframe_Puedes revisar el pedido antes de fi_3ccd25'. Try using Self-healing.

2022-02-03 10:25:23 - [MESSAGE][WARNING] - [SELF-HEALING] The current locator of test object 'Object Repository/CompraAmazon/Page_Selecciona un mtodo de pago - Compra A_c0f8a6/iframe_Puedes revisar el pedido antes de fi_3ccd25' was broken. Propose an alternative one: '//div[@id='apx-content']/div/div[2]/div[2]/div/iframe'.

2022-02-03 10:25:24 - [MESSAGE][PASSED] - Object: 'Object Repository/CompraAmazon/Page_Selecciona un mtodo de pago - Compra A_c0f8a6/input_Cancelar_ppw-widgetEventAddCreditCardEvent' is clicked on

2022-02-03 10:25:24 - [TEST_STEP][PASSED] - delay(3): Delayed 3 second(s)

2022-02-03 10:25:27 - [MESSAGE][PASSED] - Delayed 3 second(s)

2022-02-03 10:25:27 - [TEST_STEP][PASSED] - closeBrowser(): Browser is closed

2022-02-03 10:25:28 - [MESSAGE][PASSED] - Browser is closed]]></system-out>
         <system-err><![CDATA[]]></system-err>
      </testcase>
      <system-out><![CDATA[2022-02-03 10:15:36 - [TEST_SUITE][PASSED] - TestSuiteCompra: Test Cases/Ejercicio3/TestCaseCompra]]></system-out>
      <system-err><![CDATA[]]></system-err>
   </testsuite>
</testsuites>
