<?xml version="1.0" encoding="UTF-8"?>
<testsuites name="TestSuiteForData" time="0.0" tests="0" failures="0" errors="0">
   <testsuite name="TestSuiteForData" tests="0" failures="0" errors="0" time="0.0" skipped="0" timestamp="2022-02-01 09:47:12" hostname="Nayeli Martinez - 192.168.0.19" id="Test Suites/TestSuiteForData">
      <properties>
         <property name="deviceName" value=""/>
         <property name="devicePlatform" value=""/>
         <property name="logFolder" value="C:\\Users\\Nayeli Martinez\\git\\KatalonStudio\\Reports\\20220201_094706\\TestSuiteForData\\20220201_094706"/>
         <property name="logFiles" value="C:\\Users\\Nayeli Martinez\\git\\KatalonStudio\\Reports\\20220201_094706\\TestSuiteForData\\20220201_094706\\execution0.log"/>
         <property name="attachments" value=""/>
         <property name="hostName" value="Nayeli Martinez - 192.168.0.19"/>
         <property name="hostAddress" value="192.168.0.19"/>
         <property name="os" value="Windows 10 64bit"/>
         <property name="katalonVersion" value="8.2.5.208"/>
      </properties>
      <system-out><![CDATA[2022-02-01 09:47:12 - [TEST_SUITE][INCOMPLETE] - TestSuiteForData: null]]></system-out>
      <system-err><![CDATA[2022-02-01 09:47:12 - [TEST_SUITE][INCOMPLETE] - TestSuiteForData: null]]></system-err>
   </testsuite>
</testsuites>
