<?xml version="1.0" encoding="UTF-8"?>
<testsuites name="TestSuite1" time="230.615" tests="3" failures="0" errors="0">
   <testsuite name="TestSuite1" tests="3" failures="0" errors="0" time="230.615" skipped="0" timestamp="2022-01-31 10:36:26" hostname="Nayeli Martinez - 192.168.0.19" id="Test Suites/TestSuite1">
      <properties>
         <property name="deviceName" value=""/>
         <property name="devicePlatform" value=""/>
         <property name="logFolder" value="C:\\Users\\Nayeli Martinez\\git\\KatalonStudio\\Reports\\20220131_103618\\TestSuite1\\20220131_103618"/>
         <property name="logFiles" value="C:\\Users\\Nayeli Martinez\\git\\KatalonStudio\\Reports\\20220131_103618\\TestSuite1\\20220131_103618\\execution0.log"/>
         <property name="attachments" value=""/>
         <property name="hostName" value="Nayeli Martinez - 192.168.0.19"/>
         <property name="os" value="Windows 10 64bit"/>
         <property name="katalonVersion" value="8.2.5.208"/>
         <property name="browser" value="Chrome 97.0.4692.99"/>
         <property name="hostAddress" value="192.168.0.19"/>
         <property name="sessionId" value="04ee0ba3ea5a9820ebb3fb6ed4cc351d"/>
         <property name="seleniumVersion" value="3.141.59"/>
         <property name="proxyInformation" value="ProxyInformation { proxyOption=NO_PROXY, proxyServerType=HTTP, username=, password=********, proxyServerAddress=, proxyServerPort=0, executionList=&quot;&quot;, isApplyToDesiredCapabilities=true }"/>
         <property name="platform" value="Windows 10"/>
      </properties>
      <testcase name="Test Cases/Ejercicio1/Test_case_1_login" time="106.029" classname="Test Cases/Ejercicio1/Test_case_1_login" status="PASSED">
         <system-out><![CDATA[2022-01-31 10:36:27 - [TEST_CASE][PASSED] - Test Cases/Ejercicio1/Test_case_1_login: Test Cases/Ejercicio1/Test_case_1_login

2022-01-31 10:36:28 - [TEST_STEP][PASSED] - openBrowser(""): Browser is opened with url: ''

2022-01-31 10:36:30 - [MESSAGE][INFO] - Starting 'Chrome' driver

2022-01-31 10:36:30 - [MESSAGE][INFO] - Action delay is set to 0 milliseconds

2022-01-31 10:37:27 - [MESSAGE][PASSED] - Browser is opened with url: ''

2022-01-31 10:37:27 - [TEST_STEP][PASSED] - navigateToUrl("https://www.amazon.com/ap/signin?_encoding=UTF8&language=es&openid.assoc_handle=usflex&openid.claimed_id=http%3A%2F%2Fspecs.openid.net%2Fauth%2F2.0%2Fidentifier_select&openid.identity=http%3A%2F%2Fspecs.openid.net%2Fauth%2F2.0%2Fidentifier_select&openid.mode=checkid_setup&openid.ns=http%3A%2F%2Fspecs.openid.net%2Fauth%2F2.0&openid.ns.pape=http%3A%2F%2Fspecs.openid.net%2Fextensions%2Fpape%2F1.0&openid.pape.max_auth_age=0&openid.return_to=https%3A%2F%2Fwww.amazon.com%2Fgp%2Fyourstore%2Fhome%3Fie%3DUTF8%26action%3Dsign-out%26language%3Des%26path%3D%252Fgp%252Fyourstore%252Fhome%26ref_%3Dnav_AccountFlyout_signout%26signIn%3D1%26useRedirectOnSuccess%3D1"): Navigate to 'https://www.amazon.com/ap/signin?_encoding=UTF8&language=es&openid.assoc_handle=usflex&openid.claimed_id=http%3A%2F%2Fspecs.openid.net%2Fauth%2F2.0%2Fidentifier_select&openid.identity=http%3A%2F%2Fspecs.openid.net%2Fauth%2F2.0%2Fidentifier_select&openid.mode=checkid_setup&openid.ns=http%3A%2F%2Fspecs.openid.net%2Fauth%2F2.0&openid.ns.pape=http%3A%2F%2Fspecs.openid.net%2Fextensions%2Fpape%2F1.0&openid.pape.max_auth_age=0&openid.return_to=https%3A%2F%2Fwww.amazon.com%2Fgp%2Fyourstore%2Fhome%3Fie%3DUTF8%26action%3Dsign-out%26language%3Des%26path%3D%252Fgp%252Fyourstore%252Fhome%26ref_%3Dnav_AccountFlyout_signout%26signIn%3D1%26useRedirectOnSuccess%3D1' successfully

2022-01-31 10:37:40 - [MESSAGE][PASSED] - Navigate to 'https://www.amazon.com/ap/signin?_encoding=UTF8&language=es&openid.assoc_handle=usflex&openid.claimed_id=http%3A%2F%2Fspecs.openid.net%2Fauth%2F2.0%2Fidentifier_select&openid.identity=http%3A%2F%2Fspecs.openid.net%2Fauth%2F2.0%2Fidentifier_select&openid.mode=checkid_setup&openid.ns=http%3A%2F%2Fspecs.openid.net%2Fauth%2F2.0&openid.ns.pape=http%3A%2F%2Fspecs.openid.net%2Fextensions%2Fpape%2F1.0&openid.pape.max_auth_age=0&openid.return_to=https%3A%2F%2Fwww.amazon.com%2Fgp%2Fyourstore%2Fhome%3Fie%3DUTF8%26action%3Dsign-out%26language%3Des%26path%3D%252Fgp%252Fyourstore%252Fhome%26ref_%3Dnav_AccountFlyout_signout%26signIn%3D1%26useRedirectOnSuccess%3D1' successfully

2022-01-31 10:37:40 - [TEST_STEP][PASSED] - setText(findTestObject("Object Repository/RecordAndReplay1/Page_Amazon Iniciar sesin/input_Direccin de correo electrnico o nmero_cfb2c0"), "nayeliangelicamartinezmoreta@gmail.com"): Text 'nayeliangelicamartinezmoreta@gmail.com' is set on object 'Object Repository/RecordAndReplay1/Page_Amazon Iniciar sesin/input_Direccin de correo electrnico o nmero_cfb2c0'

2022-01-31 10:37:56 - [MESSAGE][PASSED] - Text 'nayeliangelicamartinezmoreta@gmail.com' is set on object 'Object Repository/RecordAndReplay1/Page_Amazon Iniciar sesin/input_Direccin de correo electrnico o nmero_cfb2c0'

2022-01-31 10:37:56 - [TEST_STEP][PASSED] - click(findTestObject("Object Repository/RecordAndReplay1/Page_Amazon Iniciar sesin/input_Escriba su correo electrnico o su nme_4466f0")): Object: 'Object Repository/RecordAndReplay1/Page_Amazon Iniciar sesin/input_Escriba su correo electrnico o su nme_4466f0' is clicked on

2022-01-31 10:38:00 - [MESSAGE][PASSED] - Object: 'Object Repository/RecordAndReplay1/Page_Amazon Iniciar sesin/input_Escriba su correo electrnico o su nme_4466f0' is clicked on

2022-01-31 10:38:00 - [TEST_STEP][PASSED] - click(findTestObject("Object Repository/RecordAndReplay1/Page_Amazon Iniciar sesin/div_Habilita las cookies para continuar    _0980be")): Object: 'Object Repository/RecordAndReplay1/Page_Amazon Iniciar sesin/div_Habilita las cookies para continuar    _0980be' is clicked on

2022-01-31 10:38:01 - [MESSAGE][PASSED] - Object: 'Object Repository/RecordAndReplay1/Page_Amazon Iniciar sesin/div_Habilita las cookies para continuar    _0980be' is clicked on

2022-01-31 10:38:01 - [TEST_STEP][PASSED] - setEncryptedText(findTestObject("Object Repository/RecordAndReplay1/Page_Amazon Iniciar sesin/input_Olvidaste tu contrasea_password"), "iGDxf8hSRT4="): Text ****** has been set on object 'Object Repository/RecordAndReplay1/Page_Amazon Iniciar sesin/input_Olvidaste tu contrasea_password'

2022-01-31 10:38:02 - [MESSAGE][PASSED] - Text ****** has been set on object 'Object Repository/RecordAndReplay1/Page_Amazon Iniciar sesin/input_Olvidaste tu contrasea_password'

2022-01-31 10:38:02 - [TEST_STEP][PASSED] - click(findTestObject("Object Repository/RecordAndReplay1/Page_Amazon Iniciar sesin/input_Introduce tu contrasea_signInSubmit")): Object: 'Object Repository/RecordAndReplay1/Page_Amazon Iniciar sesin/input_Introduce tu contrasea_signInSubmit' is clicked on

2022-01-31 10:38:03 - [MESSAGE][PASSED] - Object: 'Object Repository/RecordAndReplay1/Page_Amazon Iniciar sesin/input_Introduce tu contrasea_signInSubmit' is clicked on

2022-01-31 10:38:03 - [TEST_STEP][PASSED] - click(findTestObject("Object Repository/RecordAndReplay1/Page_Amazon Iniciar sesin/div_Se produjo un problema                 _c3c363")): Object: 'Object Repository/RecordAndReplay1/Page_Amazon Iniciar sesin/div_Se produjo un problema                 _c3c363' is clicked on

2022-01-31 10:38:07 - [MESSAGE][PASSED] - Object: 'Object Repository/RecordAndReplay1/Page_Amazon Iniciar sesin/div_Se produjo un problema                 _c3c363' is clicked on

2022-01-31 10:38:07 - [TEST_STEP][PASSED] - delay(5): Delayed 5 second(s)

2022-01-31 10:38:12 - [MESSAGE][PASSED] - Delayed 5 second(s)

2022-01-31 10:38:12 - [TEST_STEP][PASSED] - closeBrowser(): Browser is closed

2022-01-31 10:38:13 - [MESSAGE][PASSED] - Browser is closed]]></system-out>
         <system-err><![CDATA[]]></system-err>
      </testcase>
      <testcase name="Test Cases/Ejercicio1/Test_case_2_login" time="56.738" classname="Test Cases/Ejercicio1/Test_case_2_login" status="PASSED">
         <system-out><![CDATA[2022-01-31 10:38:13 - [TEST_CASE][PASSED] - Test Cases/Ejercicio1/Test_case_2_login: Test Cases/Ejercicio1/Test_case_2_login

2022-01-31 10:38:14 - [TEST_STEP][PASSED] - openBrowser(""): Browser is opened with url: ''

2022-01-31 10:38:14 - [MESSAGE][INFO] - Starting 'Chrome' driver

2022-01-31 10:38:14 - [MESSAGE][INFO] - Action delay is set to 0 milliseconds

2022-01-31 10:38:38 - [MESSAGE][PASSED] - Browser is opened with url: ''

2022-01-31 10:38:38 - [TEST_STEP][PASSED] - navigateToUrl("https://www.amazon.com/ap/signin?_encoding=UTF8&language=es&openid.assoc_handle=usflex&openid.claimed_id=http%3A%2F%2Fspecs.openid.net%2Fauth%2F2.0%2Fidentifier_select&openid.identity=http%3A%2F%2Fspecs.openid.net%2Fauth%2F2.0%2Fidentifier_select&openid.mode=checkid_setup&openid.ns=http%3A%2F%2Fspecs.openid.net%2Fauth%2F2.0&openid.ns.pape=http%3A%2F%2Fspecs.openid.net%2Fextensions%2Fpape%2F1.0&openid.pape.max_auth_age=0&openid.return_to=https%3A%2F%2Fwww.amazon.com%2Fgp%2Fyourstore%2Fhome%3Fie%3DUTF8%26action%3Dsign-out%26language%3Des%26path%3D%252Fgp%252Fyourstore%252Fhome%26ref_%3Dnav_AccountFlyout_signout%26signIn%3D1%26useRedirectOnSuccess%3D1"): Navigate to 'https://www.amazon.com/ap/signin?_encoding=UTF8&language=es&openid.assoc_handle=usflex&openid.claimed_id=http%3A%2F%2Fspecs.openid.net%2Fauth%2F2.0%2Fidentifier_select&openid.identity=http%3A%2F%2Fspecs.openid.net%2Fauth%2F2.0%2Fidentifier_select&openid.mode=checkid_setup&openid.ns=http%3A%2F%2Fspecs.openid.net%2Fauth%2F2.0&openid.ns.pape=http%3A%2F%2Fspecs.openid.net%2Fextensions%2Fpape%2F1.0&openid.pape.max_auth_age=0&openid.return_to=https%3A%2F%2Fwww.amazon.com%2Fgp%2Fyourstore%2Fhome%3Fie%3DUTF8%26action%3Dsign-out%26language%3Des%26path%3D%252Fgp%252Fyourstore%252Fhome%26ref_%3Dnav_AccountFlyout_signout%26signIn%3D1%26useRedirectOnSuccess%3D1' successfully

2022-01-31 10:38:49 - [MESSAGE][PASSED] - Navigate to 'https://www.amazon.com/ap/signin?_encoding=UTF8&language=es&openid.assoc_handle=usflex&openid.claimed_id=http%3A%2F%2Fspecs.openid.net%2Fauth%2F2.0%2Fidentifier_select&openid.identity=http%3A%2F%2Fspecs.openid.net%2Fauth%2F2.0%2Fidentifier_select&openid.mode=checkid_setup&openid.ns=http%3A%2F%2Fspecs.openid.net%2Fauth%2F2.0&openid.ns.pape=http%3A%2F%2Fspecs.openid.net%2Fextensions%2Fpape%2F1.0&openid.pape.max_auth_age=0&openid.return_to=https%3A%2F%2Fwww.amazon.com%2Fgp%2Fyourstore%2Fhome%3Fie%3DUTF8%26action%3Dsign-out%26language%3Des%26path%3D%252Fgp%252Fyourstore%252Fhome%26ref_%3Dnav_AccountFlyout_signout%26signIn%3D1%26useRedirectOnSuccess%3D1' successfully

2022-01-31 10:38:49 - [TEST_STEP][PASSED] - setText(findTestObject("Object Repository/RecordAndReplay2/Page_Amazon Iniciar sesin/input_Direccin de correo electrnico o nmero_cfb2c0"), "nayeli.martinez@solvex.com.do"): Text 'nayeli.martinez@solvex.com.do' is set on object 'Object Repository/RecordAndReplay2/Page_Amazon Iniciar sesin/input_Direccin de correo electrnico o nmero_cfb2c0'

2022-01-31 10:38:57 - [MESSAGE][PASSED] - Text 'nayeli.martinez@solvex.com.do' is set on object 'Object Repository/RecordAndReplay2/Page_Amazon Iniciar sesin/input_Direccin de correo electrnico o nmero_cfb2c0'

2022-01-31 10:38:57 - [TEST_STEP][PASSED] - click(findTestObject("Object Repository/RecordAndReplay2/Page_Amazon Iniciar sesin/input_Escriba su correo electrnico o su nme_4466f0")): Object: 'Object Repository/RecordAndReplay2/Page_Amazon Iniciar sesin/input_Escriba su correo electrnico o su nme_4466f0' is clicked on

2022-01-31 10:39:00 - [MESSAGE][PASSED] - Object: 'Object Repository/RecordAndReplay2/Page_Amazon Iniciar sesin/input_Escriba su correo electrnico o su nme_4466f0' is clicked on

2022-01-31 10:39:00 - [TEST_STEP][PASSED] - click(findTestObject("Object Repository/RecordAndReplay2/Page_Amazon Iniciar sesin/div_Se produjo un problema                 _cb4f21")): Object: 'Object Repository/RecordAndReplay2/Page_Amazon Iniciar sesin/div_Se produjo un problema                 _cb4f21' is clicked on

2022-01-31 10:39:01 - [MESSAGE][PASSED] - Object: 'Object Repository/RecordAndReplay2/Page_Amazon Iniciar sesin/div_Se produjo un problema                 _cb4f21' is clicked on

2022-01-31 10:39:01 - [TEST_STEP][PASSED] - delay(7): Delayed 7 second(s)

2022-01-31 10:39:08 - [MESSAGE][PASSED] - Delayed 7 second(s)

2022-01-31 10:39:08 - [TEST_STEP][PASSED] - closeBrowser(): Browser is closed

2022-01-31 10:39:10 - [MESSAGE][PASSED] - Browser is closed]]></system-out>
         <system-err><![CDATA[]]></system-err>
      </testcase>
      <testcase name="Test Cases/Ejercicio1/Test_case_3_login" time="66.87" classname="Test Cases/Ejercicio1/Test_case_3_login" status="PASSED">
         <system-out><![CDATA[2022-01-31 10:39:10 - [TEST_CASE][PASSED] - Test Cases/Ejercicio1/Test_case_3_login: Test Cases/Ejercicio1/Test_case_3_login

2022-01-31 10:39:11 - [TEST_STEP][PASSED] - openBrowser(""): Browser is opened with url: ''

2022-01-31 10:39:11 - [MESSAGE][INFO] - Starting 'Chrome' driver

2022-01-31 10:39:11 - [MESSAGE][INFO] - Action delay is set to 0 milliseconds

2022-01-31 10:39:26 - [MESSAGE][PASSED] - Browser is opened with url: ''

2022-01-31 10:39:26 - [TEST_STEP][PASSED] - navigateToUrl("https://www.amazon.com/ap/signin?_encoding=UTF8&language=es&openid.assoc_handle=usflex&openid.claimed_id=http%3A%2F%2Fspecs.openid.net%2Fauth%2F2.0%2Fidentifier_select&openid.identity=http%3A%2F%2Fspecs.openid.net%2Fauth%2F2.0%2Fidentifier_select&openid.mode=checkid_setup&openid.ns=http%3A%2F%2Fspecs.openid.net%2Fauth%2F2.0&openid.ns.pape=http%3A%2F%2Fspecs.openid.net%2Fextensions%2Fpape%2F1.0&openid.pape.max_auth_age=0&openid.return_to=https%3A%2F%2Fwww.amazon.com%2Fgp%2Fyourstore%2Fhome%3Fie%3DUTF8%26action%3Dsign-out%26language%3Des%26path%3D%252Fgp%252Fyourstore%252Fhome%26ref_%3Dnav_AccountFlyout_signout%26signIn%3D1%26useRedirectOnSuccess%3D1"): Navigate to 'https://www.amazon.com/ap/signin?_encoding=UTF8&language=es&openid.assoc_handle=usflex&openid.claimed_id=http%3A%2F%2Fspecs.openid.net%2Fauth%2F2.0%2Fidentifier_select&openid.identity=http%3A%2F%2Fspecs.openid.net%2Fauth%2F2.0%2Fidentifier_select&openid.mode=checkid_setup&openid.ns=http%3A%2F%2Fspecs.openid.net%2Fauth%2F2.0&openid.ns.pape=http%3A%2F%2Fspecs.openid.net%2Fextensions%2Fpape%2F1.0&openid.pape.max_auth_age=0&openid.return_to=https%3A%2F%2Fwww.amazon.com%2Fgp%2Fyourstore%2Fhome%3Fie%3DUTF8%26action%3Dsign-out%26language%3Des%26path%3D%252Fgp%252Fyourstore%252Fhome%26ref_%3Dnav_AccountFlyout_signout%26signIn%3D1%26useRedirectOnSuccess%3D1' successfully

2022-01-31 10:39:42 - [MESSAGE][PASSED] - Navigate to 'https://www.amazon.com/ap/signin?_encoding=UTF8&language=es&openid.assoc_handle=usflex&openid.claimed_id=http%3A%2F%2Fspecs.openid.net%2Fauth%2F2.0%2Fidentifier_select&openid.identity=http%3A%2F%2Fspecs.openid.net%2Fauth%2F2.0%2Fidentifier_select&openid.mode=checkid_setup&openid.ns=http%3A%2F%2Fspecs.openid.net%2Fauth%2F2.0&openid.ns.pape=http%3A%2F%2Fspecs.openid.net%2Fextensions%2Fpape%2F1.0&openid.pape.max_auth_age=0&openid.return_to=https%3A%2F%2Fwww.amazon.com%2Fgp%2Fyourstore%2Fhome%3Fie%3DUTF8%26action%3Dsign-out%26language%3Des%26path%3D%252Fgp%252Fyourstore%252Fhome%26ref_%3Dnav_AccountFlyout_signout%26signIn%3D1%26useRedirectOnSuccess%3D1' successfully

2022-01-31 10:39:42 - [TEST_STEP][PASSED] - setText(findTestObject("Object Repository/RecordAndReplay3/Page_Amazon Iniciar sesin/input_Direccin de correo electrnico o nmero_cfb2c0"), "nayeliangelicamartinezmoreta@gmail.com"): Text 'nayeliangelicamartinezmoreta@gmail.com' is set on object 'Object Repository/RecordAndReplay3/Page_Amazon Iniciar sesin/input_Direccin de correo electrnico o nmero_cfb2c0'

2022-01-31 10:40:00 - [MESSAGE][PASSED] - Text 'nayeliangelicamartinezmoreta@gmail.com' is set on object 'Object Repository/RecordAndReplay3/Page_Amazon Iniciar sesin/input_Direccin de correo electrnico o nmero_cfb2c0'

2022-01-31 10:40:00 - [TEST_STEP][PASSED] - click(findTestObject("Object Repository/RecordAndReplay3/Page_Amazon Iniciar sesin/input_Escriba su correo electrnico o su nme_4466f0")): Object: 'Object Repository/RecordAndReplay3/Page_Amazon Iniciar sesin/input_Escriba su correo electrnico o su nme_4466f0' is clicked on

2022-01-31 10:40:04 - [MESSAGE][PASSED] - Object: 'Object Repository/RecordAndReplay3/Page_Amazon Iniciar sesin/input_Escriba su correo electrnico o su nme_4466f0' is clicked on

2022-01-31 10:40:04 - [TEST_STEP][PASSED] - setEncryptedText(findTestObject("Object Repository/RecordAndReplay3/Page_Amazon Iniciar sesin/input_Olvidaste tu contrasea_password"), "d6govjA23wZtxZngzvncjw=="): Text ****** has been set on object 'Object Repository/RecordAndReplay3/Page_Amazon Iniciar sesin/input_Olvidaste tu contrasea_password'

2022-01-31 10:40:05 - [MESSAGE][PASSED] - Text ****** has been set on object 'Object Repository/RecordAndReplay3/Page_Amazon Iniciar sesin/input_Olvidaste tu contrasea_password'

2022-01-31 10:40:05 - [TEST_STEP][PASSED] - click(findTestObject("Object Repository/RecordAndReplay3/Page_Amazon Iniciar sesin/input_Introduce tu contrasea_signInSubmit")): Object: 'Object Repository/RecordAndReplay3/Page_Amazon Iniciar sesin/input_Introduce tu contrasea_signInSubmit' is clicked on

2022-01-31 10:40:06 - [MESSAGE][PASSED] - Object: 'Object Repository/RecordAndReplay3/Page_Amazon Iniciar sesin/input_Introduce tu contrasea_signInSubmit' is clicked on

2022-01-31 10:40:06 - [TEST_STEP][PASSED] - delay(7): Delayed 7 second(s)

2022-01-31 10:40:13 - [MESSAGE][PASSED] - Delayed 7 second(s)

2022-01-31 10:40:13 - [TEST_STEP][PASSED] - closeBrowser(): Browser is closed

2022-01-31 10:40:17 - [MESSAGE][PASSED] - Browser is closed]]></system-out>
         <system-err><![CDATA[]]></system-err>
      </testcase>
      <system-out><![CDATA[2022-01-31 10:36:26 - [TEST_SUITE][PASSED] - TestSuite1: Test Cases/Ejercicio1/Test_case_3_login]]></system-out>
      <system-err><![CDATA[]]></system-err>
   </testsuite>
</testsuites>
