<?xml version="1.0" encoding="UTF-8"?>
<testsuites name="TestSuite1" time="191.831" tests="5" failures="0" errors="0">
   <testsuite name="TestSuite1" tests="5" failures="0" errors="0" time="191.831" skipped="0" timestamp="2022-01-31 12:02:38" hostname="Nayeli Martinez - 192.168.0.19" id="Test Suites/TestSuite1">
      <properties>
         <property name="deviceName" value=""/>
         <property name="devicePlatform" value=""/>
         <property name="logFolder" value="C:\\Users\\Nayeli Martinez\\git\\KatalonStudio\\Reports\\20220131_120220\\TestSuite1\\20220131_120220"/>
         <property name="logFiles" value="C:\\Users\\Nayeli Martinez\\git\\KatalonStudio\\Reports\\20220131_120220\\TestSuite1\\20220131_120220\\execution0.log"/>
         <property name="attachments" value=""/>
         <property name="hostName" value="Nayeli Martinez - 192.168.0.19"/>
         <property name="os" value="Windows 10 64bit"/>
         <property name="katalonVersion" value="8.2.5.208"/>
         <property name="browser" value="Chrome 97.0.4692.99"/>
         <property name="hostAddress" value="192.168.0.19"/>
         <property name="sessionId" value="cba22d6bb9c5f22574544a9b6f632488"/>
         <property name="seleniumVersion" value="3.141.59"/>
         <property name="proxyInformation" value="ProxyInformation { proxyOption=NO_PROXY, proxyServerType=HTTP, username=, password=********, proxyServerAddress=, proxyServerPort=0, executionList=&quot;&quot;, isApplyToDesiredCapabilities=true }"/>
         <property name="platform" value="Windows 10"/>
      </properties>
      <testcase name="Test Cases/Ejercicio1.1/Test_case_1-login" time="55.018" classname="Test Cases/Ejercicio1.1/Test_case_1-login" status="PASSED">
         <system-out><![CDATA[2022-01-31 12:02:39 - [TEST_CASE][PASSED] - Test Cases/Ejercicio1.1/Test_case_1-login: Test Cases/Ejercicio1.1/Test_case_1-login

2022-01-31 12:02:40 - [TEST_STEP][PASSED] - openBrowser(""): Browser is opened with url: ''

2022-01-31 12:02:41 - [MESSAGE][INFO] - Starting 'Chrome' driver

2022-01-31 12:02:41 - [MESSAGE][INFO] - Action delay is set to 0 milliseconds

2022-01-31 12:03:10 - [MESSAGE][PASSED] - Browser is opened with url: ''

2022-01-31 12:03:10 - [TEST_STEP][PASSED] - navigateToUrl("https://www.amazon.com/ap/signin?_encoding=UTF8&language=es&openid.assoc_handle=usflex&openid.claimed_id=http%3A%2F%2Fspecs.openid.net%2Fauth%2F2.0%2Fidentifier_select&openid.identity=http%3A%2F%2Fspecs.openid.net%2Fauth%2F2.0%2Fidentifier_select&openid.mode=checkid_setup&openid.ns=http%3A%2F%2Fspecs.openid.net%2Fauth%2F2.0&openid.ns.pape=http%3A%2F%2Fspecs.openid.net%2Fextensions%2Fpape%2F1.0&openid.pape.max_auth_age=0&openid.return_to=https%3A%2F%2Fwww.amazon.com%2Fgp%2Fyourstore%2Fhome%3Fie%3DUTF8%26action%3Dsign-out%26language%3Des%26path%3D%252Fgp%252Fyourstore%252Fhome%26ref_%3Dnav_AccountFlyout_signout%26signIn%3D1%26useRedirectOnSuccess%3D1"): Navigate to 'https://www.amazon.com/ap/signin?_encoding=UTF8&language=es&openid.assoc_handle=usflex&openid.claimed_id=http%3A%2F%2Fspecs.openid.net%2Fauth%2F2.0%2Fidentifier_select&openid.identity=http%3A%2F%2Fspecs.openid.net%2Fauth%2F2.0%2Fidentifier_select&openid.mode=checkid_setup&openid.ns=http%3A%2F%2Fspecs.openid.net%2Fauth%2F2.0&openid.ns.pape=http%3A%2F%2Fspecs.openid.net%2Fextensions%2Fpape%2F1.0&openid.pape.max_auth_age=0&openid.return_to=https%3A%2F%2Fwww.amazon.com%2Fgp%2Fyourstore%2Fhome%3Fie%3DUTF8%26action%3Dsign-out%26language%3Des%26path%3D%252Fgp%252Fyourstore%252Fhome%26ref_%3Dnav_AccountFlyout_signout%26signIn%3D1%26useRedirectOnSuccess%3D1' successfully

2022-01-31 12:03:16 - [MESSAGE][PASSED] - Navigate to 'https://www.amazon.com/ap/signin?_encoding=UTF8&language=es&openid.assoc_handle=usflex&openid.claimed_id=http%3A%2F%2Fspecs.openid.net%2Fauth%2F2.0%2Fidentifier_select&openid.identity=http%3A%2F%2Fspecs.openid.net%2Fauth%2F2.0%2Fidentifier_select&openid.mode=checkid_setup&openid.ns=http%3A%2F%2Fspecs.openid.net%2Fauth%2F2.0&openid.ns.pape=http%3A%2F%2Fspecs.openid.net%2Fextensions%2Fpape%2F1.0&openid.pape.max_auth_age=0&openid.return_to=https%3A%2F%2Fwww.amazon.com%2Fgp%2Fyourstore%2Fhome%3Fie%3DUTF8%26action%3Dsign-out%26language%3Des%26path%3D%252Fgp%252Fyourstore%252Fhome%26ref_%3Dnav_AccountFlyout_signout%26signIn%3D1%26useRedirectOnSuccess%3D1' successfully

2022-01-31 12:03:16 - [TEST_STEP][PASSED] - verifyElementPresent(findTestObject("Object Repository/RecordAndReplay1/Script1/Page_Amazon Iniciar sesin/input_Escriba su correo electrnico o su nme_4466f0"), 0): Object 'Object Repository/RecordAndReplay1/Script1/Page_Amazon Iniciar sesin/input_Escriba su correo electrnico o su nme_4466f0' is present

2022-01-31 12:03:16 - [MESSAGE][WARNING] - Timeout '0' is invalid. Using default page load timeout: '30'

2022-01-31 12:03:17 - [MESSAGE][PASSED] - Object 'Object Repository/RecordAndReplay1/Script1/Page_Amazon Iniciar sesin/input_Escriba su correo electrnico o su nme_4466f0' is present

2022-01-31 12:03:17 - [TEST_STEP][PASSED] - setText(findTestObject("Object Repository/RecordAndReplay1/Script1/Page_Amazon Iniciar sesin/input_Direccin de correo electrnico o nmero_cfb2c0"), "nayeliangelicamartinezmoreta@gmail.com"): Text 'nayeliangelicamartinezmoreta@gmail.com' is set on object 'Object Repository/RecordAndReplay1/Script1/Page_Amazon Iniciar sesin/input_Direccin de correo electrnico o nmero_cfb2c0'

2022-01-31 12:03:19 - [MESSAGE][PASSED] - Text 'nayeliangelicamartinezmoreta@gmail.com' is set on object 'Object Repository/RecordAndReplay1/Script1/Page_Amazon Iniciar sesin/input_Direccin de correo electrnico o nmero_cfb2c0'

2022-01-31 12:03:19 - [TEST_STEP][PASSED] - verifyElementClickable(findTestObject("Object Repository/RecordAndReplay1/Script1/Page_Amazon Iniciar sesin/input_Direccin de correo electrnico o nmero_cfb2c0")): Object 'Object Repository/RecordAndReplay1/Script1/Page_Amazon Iniciar sesin/input_Direccin de correo electrnico o nmero_cfb2c0' is clickable

2022-01-31 12:03:20 - [MESSAGE][PASSED] - Object 'Object Repository/RecordAndReplay1/Script1/Page_Amazon Iniciar sesin/input_Direccin de correo electrnico o nmero_cfb2c0' is clickable

2022-01-31 12:03:20 - [TEST_STEP][PASSED] - click(findTestObject("Object Repository/RecordAndReplay1/Script1/Page_Amazon Iniciar sesin/input_Escriba su correo electrnico o su nme_4466f0")): Object: 'Object Repository/RecordAndReplay1/Script1/Page_Amazon Iniciar sesin/input_Escriba su correo electrnico o su nme_4466f0' is clicked on

2022-01-31 12:03:23 - [MESSAGE][PASSED] - Object: 'Object Repository/RecordAndReplay1/Script1/Page_Amazon Iniciar sesin/input_Escriba su correo electrnico o su nme_4466f0' is clicked on

2022-01-31 12:03:23 - [TEST_STEP][PASSED] - verifyElementPresent(findTestObject("Object Repository/RecordAndReplay1/Script1/Page_Amazon Iniciar sesin/input_Introduce tu contrasea_signInSubmit"), 0): Object 'Object Repository/RecordAndReplay1/Script1/Page_Amazon Iniciar sesin/input_Introduce tu contrasea_signInSubmit' is present

2022-01-31 12:03:23 - [MESSAGE][WARNING] - Timeout '0' is invalid. Using default page load timeout: '30'

2022-01-31 12:03:23 - [MESSAGE][PASSED] - Object 'Object Repository/RecordAndReplay1/Script1/Page_Amazon Iniciar sesin/input_Introduce tu contrasea_signInSubmit' is present

2022-01-31 12:03:23 - [TEST_STEP][PASSED] - setEncryptedText(findTestObject("Object Repository/RecordAndReplay1/Script1/Page_Amazon Iniciar sesin/input_Olvidaste tu contrasea_password"), "aeHFOx8jV/A="): Text ****** has been set on object 'Object Repository/RecordAndReplay1/Script1/Page_Amazon Iniciar sesin/input_Olvidaste tu contrasea_password'

2022-01-31 12:03:25 - [MESSAGE][PASSED] - Text ****** has been set on object 'Object Repository/RecordAndReplay1/Script1/Page_Amazon Iniciar sesin/input_Olvidaste tu contrasea_password'

2022-01-31 12:03:25 - [TEST_STEP][PASSED] - verifyElementClickable(findTestObject("Object Repository/RecordAndReplay1/Script1/Page_Amazon Iniciar sesin/input_Olvidaste tu contrasea_password")): Object 'Object Repository/RecordAndReplay1/Script1/Page_Amazon Iniciar sesin/input_Olvidaste tu contrasea_password' is clickable

2022-01-31 12:03:25 - [MESSAGE][PASSED] - Object 'Object Repository/RecordAndReplay1/Script1/Page_Amazon Iniciar sesin/input_Olvidaste tu contrasea_password' is clickable

2022-01-31 12:03:25 - [TEST_STEP][PASSED] - click(findTestObject("Object Repository/RecordAndReplay1/Script1/Page_Amazon Iniciar sesin/input_Introduce tu contrasea_signInSubmit")): Object: 'Object Repository/RecordAndReplay1/Script1/Page_Amazon Iniciar sesin/input_Introduce tu contrasea_signInSubmit' is clicked on

2022-01-31 12:03:26 - [MESSAGE][PASSED] - Object: 'Object Repository/RecordAndReplay1/Script1/Page_Amazon Iniciar sesin/input_Introduce tu contrasea_signInSubmit' is clicked on

2022-01-31 12:03:26 - [TEST_STEP][PASSED] - click(findTestObject("Object Repository/RecordAndReplay1/Script1/Page_Amazon Iniciar sesin/div_Se produjo un problema                 _c3c363")): Object: 'Object Repository/RecordAndReplay1/Script1/Page_Amazon Iniciar sesin/div_Se produjo un problema                 _c3c363' is clicked on

2022-01-31 12:03:29 - [MESSAGE][PASSED] - Object: 'Object Repository/RecordAndReplay1/Script1/Page_Amazon Iniciar sesin/div_Se produjo un problema                 _c3c363' is clicked on

2022-01-31 12:03:29 - [TEST_STEP][PASSED] - delay(3): Delayed 3 second(s)

2022-01-31 12:03:32 - [MESSAGE][PASSED] - Delayed 3 second(s)

2022-01-31 12:03:32 - [TEST_STEP][PASSED] - closeBrowser(): Browser is closed

2022-01-31 12:03:34 - [MESSAGE][PASSED] - Browser is closed]]></system-out>
         <system-err><![CDATA[]]></system-err>
      </testcase>
      <testcase name="Test Cases/Ejercicio1.1/Test_case_2_login" time="25.917" classname="Test Cases/Ejercicio1.1/Test_case_2_login" status="PASSED">
         <system-out><![CDATA[2022-01-31 12:03:34 - [TEST_CASE][PASSED] - Test Cases/Ejercicio1.1/Test_case_2_login: Test Cases/Ejercicio1.1/Test_case_2_login

2022-01-31 12:03:35 - [TEST_STEP][PASSED] - openBrowser(""): Browser is opened with url: ''

2022-01-31 12:03:35 - [MESSAGE][INFO] - Starting 'Chrome' driver

2022-01-31 12:03:35 - [MESSAGE][INFO] - Action delay is set to 0 milliseconds

2022-01-31 12:03:38 - [MESSAGE][PASSED] - Browser is opened with url: ''

2022-01-31 12:03:38 - [TEST_STEP][PASSED] - navigateToUrl("https://www.amazon.com/ap/signin?_encoding=UTF8&language=es&openid.assoc_handle=usflex&openid.claimed_id=http%3A%2F%2Fspecs.openid.net%2Fauth%2F2.0%2Fidentifier_select&openid.identity=http%3A%2F%2Fspecs.openid.net%2Fauth%2F2.0%2Fidentifier_select&openid.mode=checkid_setup&openid.ns=http%3A%2F%2Fspecs.openid.net%2Fauth%2F2.0&openid.ns.pape=http%3A%2F%2Fspecs.openid.net%2Fextensions%2Fpape%2F1.0&openid.pape.max_auth_age=0&openid.return_to=https%3A%2F%2Fwww.amazon.com%2Fgp%2Fyourstore%2Fhome%3Fie%3DUTF8%26action%3Dsign-out%26language%3Des%26path%3D%252Fgp%252Fyourstore%252Fhome%26ref_%3Dnav_AccountFlyout_signout%26signIn%3D1%26useRedirectOnSuccess%3D1"): Navigate to 'https://www.amazon.com/ap/signin?_encoding=UTF8&language=es&openid.assoc_handle=usflex&openid.claimed_id=http%3A%2F%2Fspecs.openid.net%2Fauth%2F2.0%2Fidentifier_select&openid.identity=http%3A%2F%2Fspecs.openid.net%2Fauth%2F2.0%2Fidentifier_select&openid.mode=checkid_setup&openid.ns=http%3A%2F%2Fspecs.openid.net%2Fauth%2F2.0&openid.ns.pape=http%3A%2F%2Fspecs.openid.net%2Fextensions%2Fpape%2F1.0&openid.pape.max_auth_age=0&openid.return_to=https%3A%2F%2Fwww.amazon.com%2Fgp%2Fyourstore%2Fhome%3Fie%3DUTF8%26action%3Dsign-out%26language%3Des%26path%3D%252Fgp%252Fyourstore%252Fhome%26ref_%3Dnav_AccountFlyout_signout%26signIn%3D1%26useRedirectOnSuccess%3D1' successfully

2022-01-31 12:03:49 - [MESSAGE][PASSED] - Navigate to 'https://www.amazon.com/ap/signin?_encoding=UTF8&language=es&openid.assoc_handle=usflex&openid.claimed_id=http%3A%2F%2Fspecs.openid.net%2Fauth%2F2.0%2Fidentifier_select&openid.identity=http%3A%2F%2Fspecs.openid.net%2Fauth%2F2.0%2Fidentifier_select&openid.mode=checkid_setup&openid.ns=http%3A%2F%2Fspecs.openid.net%2Fauth%2F2.0&openid.ns.pape=http%3A%2F%2Fspecs.openid.net%2Fextensions%2Fpape%2F1.0&openid.pape.max_auth_age=0&openid.return_to=https%3A%2F%2Fwww.amazon.com%2Fgp%2Fyourstore%2Fhome%3Fie%3DUTF8%26action%3Dsign-out%26language%3Des%26path%3D%252Fgp%252Fyourstore%252Fhome%26ref_%3Dnav_AccountFlyout_signout%26signIn%3D1%26useRedirectOnSuccess%3D1' successfully

2022-01-31 12:03:49 - [TEST_STEP][PASSED] - verifyElementPresent(findTestObject("Object Repository/RecordAndReplay1/Script1/Page_Amazon Iniciar sesin/input_Escriba su correo electrnico o su nme_4466f0"), 0): Object 'Object Repository/RecordAndReplay1/Script1/Page_Amazon Iniciar sesin/input_Escriba su correo electrnico o su nme_4466f0' is present

2022-01-31 12:03:49 - [MESSAGE][WARNING] - Timeout '0' is invalid. Using default page load timeout: '30'

2022-01-31 12:03:50 - [MESSAGE][PASSED] - Object 'Object Repository/RecordAndReplay1/Script1/Page_Amazon Iniciar sesin/input_Escriba su correo electrnico o su nme_4466f0' is present

2022-01-31 12:03:50 - [TEST_STEP][PASSED] - setText(findTestObject("Object Repository/RecordAndReplay2/Script2/Page_Amazon Iniciar sesin/input_Direccin de correo electrnico o nmero_cfb2c0"), "nayeli.martinez@solvex.com"): Text 'nayeli.martinez@solvex.com' is set on object 'Object Repository/RecordAndReplay2/Script2/Page_Amazon Iniciar sesin/input_Direccin de correo electrnico o nmero_cfb2c0'

2022-01-31 12:03:51 - [MESSAGE][PASSED] - Text 'nayeli.martinez@solvex.com' is set on object 'Object Repository/RecordAndReplay2/Script2/Page_Amazon Iniciar sesin/input_Direccin de correo electrnico o nmero_cfb2c0'

2022-01-31 12:03:51 - [TEST_STEP][PASSED] - verifyElementClickable(findTestObject("Object Repository/RecordAndReplay1/Script1/Page_Amazon Iniciar sesin/input_Direccin de correo electrnico o nmero_cfb2c0")): Object 'Object Repository/RecordAndReplay1/Script1/Page_Amazon Iniciar sesin/input_Direccin de correo electrnico o nmero_cfb2c0' is clickable

2022-01-31 12:03:52 - [MESSAGE][PASSED] - Object 'Object Repository/RecordAndReplay1/Script1/Page_Amazon Iniciar sesin/input_Direccin de correo electrnico o nmero_cfb2c0' is clickable

2022-01-31 12:03:52 - [TEST_STEP][PASSED] - click(findTestObject("Object Repository/RecordAndReplay2/Script2/Page_Amazon Iniciar sesin/input_Escriba su correo electrnico o su nme_4466f0")): Object: 'Object Repository/RecordAndReplay2/Script2/Page_Amazon Iniciar sesin/input_Escriba su correo electrnico o su nme_4466f0' is clicked on

2022-01-31 12:03:55 - [MESSAGE][PASSED] - Object: 'Object Repository/RecordAndReplay2/Script2/Page_Amazon Iniciar sesin/input_Escriba su correo electrnico o su nme_4466f0' is clicked on

2022-01-31 12:03:55 - [TEST_STEP][PASSED] - click(findTestObject("Object Repository/RecordAndReplay2/Script2/Page_Amazon Iniciar sesin/div_Se produjo un problema                 _cb4f21")): Object: 'Object Repository/RecordAndReplay2/Script2/Page_Amazon Iniciar sesin/div_Se produjo un problema                 _cb4f21' is clicked on

2022-01-31 12:03:56 - [MESSAGE][PASSED] - Object: 'Object Repository/RecordAndReplay2/Script2/Page_Amazon Iniciar sesin/div_Se produjo un problema                 _cb4f21' is clicked on

2022-01-31 12:03:56 - [TEST_STEP][PASSED] - delay(3): Delayed 3 second(s)

2022-01-31 12:03:59 - [MESSAGE][PASSED] - Delayed 3 second(s)

2022-01-31 12:03:59 - [TEST_STEP][PASSED] - closeBrowser(): Browser is closed

2022-01-31 12:04:00 - [MESSAGE][PASSED] - Browser is closed]]></system-out>
         <system-err><![CDATA[]]></system-err>
      </testcase>
      <testcase name="Test Cases/Ejercicio1.1/Test_case_3_login" time="41.976" classname="Test Cases/Ejercicio1.1/Test_case_3_login" status="PASSED">
         <system-out><![CDATA[2022-01-31 12:04:00 - [TEST_CASE][PASSED] - Test Cases/Ejercicio1.1/Test_case_3_login: Test Cases/Ejercicio1.1/Test_case_3_login

2022-01-31 12:04:01 - [TEST_STEP][PASSED] - openBrowser(""): Browser is opened with url: ''

2022-01-31 12:04:01 - [MESSAGE][INFO] - Starting 'Chrome' driver

2022-01-31 12:04:01 - [MESSAGE][INFO] - Action delay is set to 0 milliseconds

2022-01-31 12:04:06 - [MESSAGE][PASSED] - Browser is opened with url: ''

2022-01-31 12:04:06 - [TEST_STEP][PASSED] - navigateToUrl("https://www.amazon.com/ap/signin?_encoding=UTF8&language=es&openid.assoc_handle=usflex&openid.claimed_id=http%3A%2F%2Fspecs.openid.net%2Fauth%2F2.0%2Fidentifier_select&openid.identity=http%3A%2F%2Fspecs.openid.net%2Fauth%2F2.0%2Fidentifier_select&openid.mode=checkid_setup&openid.ns=http%3A%2F%2Fspecs.openid.net%2Fauth%2F2.0&openid.ns.pape=http%3A%2F%2Fspecs.openid.net%2Fextensions%2Fpape%2F1.0&openid.pape.max_auth_age=0&openid.return_to=https%3A%2F%2Fwww.amazon.com%2Fgp%2Fyourstore%2Fhome%3Fie%3DUTF8%26action%3Dsign-out%26language%3Des%26path%3D%252Fgp%252Fyourstore%252Fhome%26ref_%3Dnav_AccountFlyout_signout%26signIn%3D1%26useRedirectOnSuccess%3D1"): Navigate to 'https://www.amazon.com/ap/signin?_encoding=UTF8&language=es&openid.assoc_handle=usflex&openid.claimed_id=http%3A%2F%2Fspecs.openid.net%2Fauth%2F2.0%2Fidentifier_select&openid.identity=http%3A%2F%2Fspecs.openid.net%2Fauth%2F2.0%2Fidentifier_select&openid.mode=checkid_setup&openid.ns=http%3A%2F%2Fspecs.openid.net%2Fauth%2F2.0&openid.ns.pape=http%3A%2F%2Fspecs.openid.net%2Fextensions%2Fpape%2F1.0&openid.pape.max_auth_age=0&openid.return_to=https%3A%2F%2Fwww.amazon.com%2Fgp%2Fyourstore%2Fhome%3Fie%3DUTF8%26action%3Dsign-out%26language%3Des%26path%3D%252Fgp%252Fyourstore%252Fhome%26ref_%3Dnav_AccountFlyout_signout%26signIn%3D1%26useRedirectOnSuccess%3D1' successfully

2022-01-31 12:04:16 - [MESSAGE][PASSED] - Navigate to 'https://www.amazon.com/ap/signin?_encoding=UTF8&language=es&openid.assoc_handle=usflex&openid.claimed_id=http%3A%2F%2Fspecs.openid.net%2Fauth%2F2.0%2Fidentifier_select&openid.identity=http%3A%2F%2Fspecs.openid.net%2Fauth%2F2.0%2Fidentifier_select&openid.mode=checkid_setup&openid.ns=http%3A%2F%2Fspecs.openid.net%2Fauth%2F2.0&openid.ns.pape=http%3A%2F%2Fspecs.openid.net%2Fextensions%2Fpape%2F1.0&openid.pape.max_auth_age=0&openid.return_to=https%3A%2F%2Fwww.amazon.com%2Fgp%2Fyourstore%2Fhome%3Fie%3DUTF8%26action%3Dsign-out%26language%3Des%26path%3D%252Fgp%252Fyourstore%252Fhome%26ref_%3Dnav_AccountFlyout_signout%26signIn%3D1%26useRedirectOnSuccess%3D1' successfully

2022-01-31 12:04:16 - [TEST_STEP][PASSED] - verifyElementPresent(findTestObject("Object Repository/RecordAndReplay1/Script1/Page_Amazon Iniciar sesin/input_Escriba su correo electrnico o su nme_4466f0"), 0): Object 'Object Repository/RecordAndReplay1/Script1/Page_Amazon Iniciar sesin/input_Escriba su correo electrnico o su nme_4466f0' is present

2022-01-31 12:04:16 - [MESSAGE][WARNING] - Timeout '0' is invalid. Using default page load timeout: '30'

2022-01-31 12:04:17 - [MESSAGE][PASSED] - Object 'Object Repository/RecordAndReplay1/Script1/Page_Amazon Iniciar sesin/input_Escriba su correo electrnico o su nme_4466f0' is present

2022-01-31 12:04:17 - [TEST_STEP][PASSED] - setText(findTestObject("Object Repository/RecordAndReplay3/Script3/Page_Amazon Iniciar sesin/input_Direccin de correo electrnico o nmero_cfb2c0"), "nayeliangelicamartinezmoreta@gmail.com"): Text 'nayeliangelicamartinezmoreta@gmail.com' is set on object 'Object Repository/RecordAndReplay3/Script3/Page_Amazon Iniciar sesin/input_Direccin de correo electrnico o nmero_cfb2c0'

2022-01-31 12:04:18 - [MESSAGE][PASSED] - Text 'nayeliangelicamartinezmoreta@gmail.com' is set on object 'Object Repository/RecordAndReplay3/Script3/Page_Amazon Iniciar sesin/input_Direccin de correo electrnico o nmero_cfb2c0'

2022-01-31 12:04:18 - [TEST_STEP][PASSED] - verifyElementClickable(findTestObject("Object Repository/RecordAndReplay1/Script1/Page_Amazon Iniciar sesin/input_Direccin de correo electrnico o nmero_cfb2c0")): Object 'Object Repository/RecordAndReplay1/Script1/Page_Amazon Iniciar sesin/input_Direccin de correo electrnico o nmero_cfb2c0' is clickable

2022-01-31 12:04:18 - [MESSAGE][PASSED] - Object 'Object Repository/RecordAndReplay1/Script1/Page_Amazon Iniciar sesin/input_Direccin de correo electrnico o nmero_cfb2c0' is clickable

2022-01-31 12:04:18 - [TEST_STEP][PASSED] - click(findTestObject("Object Repository/RecordAndReplay3/Script3/Page_Amazon Iniciar sesin/input_Escriba su correo electrnico o su nme_4466f0")): Object: 'Object Repository/RecordAndReplay3/Script3/Page_Amazon Iniciar sesin/input_Escriba su correo electrnico o su nme_4466f0' is clicked on

2022-01-31 12:04:23 - [MESSAGE][PASSED] - Object: 'Object Repository/RecordAndReplay3/Script3/Page_Amazon Iniciar sesin/input_Escriba su correo electrnico o su nme_4466f0' is clicked on

2022-01-31 12:04:23 - [TEST_STEP][PASSED] - verifyElementPresent(findTestObject("Object Repository/RecordAndReplay1/Script1/Page_Amazon Iniciar sesin/input_Introduce tu contrasea_signInSubmit"), 0): Object 'Object Repository/RecordAndReplay1/Script1/Page_Amazon Iniciar sesin/input_Introduce tu contrasea_signInSubmit' is present

2022-01-31 12:04:23 - [MESSAGE][WARNING] - Timeout '0' is invalid. Using default page load timeout: '30'

2022-01-31 12:04:23 - [MESSAGE][PASSED] - Object 'Object Repository/RecordAndReplay1/Script1/Page_Amazon Iniciar sesin/input_Introduce tu contrasea_signInSubmit' is present

2022-01-31 12:04:23 - [TEST_STEP][PASSED] - setEncryptedText(findTestObject("Object Repository/RecordAndReplay3/Script3/Page_Amazon Iniciar sesin/input_Olvidaste tu contrasea_password"), "d6govjA23wZtxZngzvncjw=="): Text ****** has been set on object 'Object Repository/RecordAndReplay3/Script3/Page_Amazon Iniciar sesin/input_Olvidaste tu contrasea_password'

2022-01-31 12:04:24 - [MESSAGE][PASSED] - Text ****** has been set on object 'Object Repository/RecordAndReplay3/Script3/Page_Amazon Iniciar sesin/input_Olvidaste tu contrasea_password'

2022-01-31 12:04:24 - [TEST_STEP][PASSED] - verifyElementClickable(findTestObject("Object Repository/RecordAndReplay1/Script1/Page_Amazon Iniciar sesin/input_Olvidaste tu contrasea_password")): Object 'Object Repository/RecordAndReplay1/Script1/Page_Amazon Iniciar sesin/input_Olvidaste tu contrasea_password' is clickable

2022-01-31 12:04:24 - [MESSAGE][PASSED] - Object 'Object Repository/RecordAndReplay1/Script1/Page_Amazon Iniciar sesin/input_Olvidaste tu contrasea_password' is clickable

2022-01-31 12:04:24 - [TEST_STEP][PASSED] - click(findTestObject("Object Repository/RecordAndReplay3/Script3/Page_Amazon Iniciar sesin/input_Introduce tu contrasea_signInSubmit")): Object: 'Object Repository/RecordAndReplay3/Script3/Page_Amazon Iniciar sesin/input_Introduce tu contrasea_signInSubmit' is clicked on

2022-01-31 12:04:25 - [MESSAGE][PASSED] - Object: 'Object Repository/RecordAndReplay3/Script3/Page_Amazon Iniciar sesin/input_Introduce tu contrasea_signInSubmit' is clicked on

2022-01-31 12:04:25 - [TEST_STEP][PASSED] - delay(3): Delayed 3 second(s)

2022-01-31 12:04:28 - [MESSAGE][PASSED] - Delayed 3 second(s)

2022-01-31 12:04:28 - [TEST_STEP][PASSED] - closeBrowser(): Browser is closed

2022-01-31 12:04:42 - [MESSAGE][PASSED] - Browser is closed]]></system-out>
         <system-err><![CDATA[]]></system-err>
      </testcase>
      <testcase name="Test Cases/Ejercicio1.1/Test_case_4_login" time="37.563" classname="Test Cases/Ejercicio1.1/Test_case_4_login" status="PASSED">
         <system-out><![CDATA[2022-01-31 12:04:42 - [TEST_CASE][PASSED] - Test Cases/Ejercicio1.1/Test_case_4_login: Test Cases/Ejercicio1.1/Test_case_4_login

2022-01-31 12:04:43 - [TEST_STEP][PASSED] - openBrowser(""): Browser is opened with url: ''

2022-01-31 12:04:43 - [MESSAGE][INFO] - Starting 'Chrome' driver

2022-01-31 12:04:43 - [MESSAGE][INFO] - Action delay is set to 0 milliseconds

2022-01-31 12:04:48 - [MESSAGE][PASSED] - Browser is opened with url: ''

2022-01-31 12:04:48 - [TEST_STEP][PASSED] - navigateToUrl("https://www.amazon.com/ap/signin?_encoding=UTF8&language=es&openid.assoc_handle=usflex&openid.claimed_id=http%3A%2F%2Fspecs.openid.net%2Fauth%2F2.0%2Fidentifier_select&openid.identity=http%3A%2F%2Fspecs.openid.net%2Fauth%2F2.0%2Fidentifier_select&openid.mode=checkid_setup&openid.ns=http%3A%2F%2Fspecs.openid.net%2Fauth%2F2.0&openid.ns.pape=http%3A%2F%2Fspecs.openid.net%2Fextensions%2Fpape%2F1.0&openid.pape.max_auth_age=0&openid.return_to=https%3A%2F%2Fwww.amazon.com%2Fgp%2Fyourstore%2Fhome%3Fie%3DUTF8%26action%3Dsign-out%26language%3Des%26path%3D%252Fgp%252Fyourstore%252Fhome%26ref_%3Dnav_AccountFlyout_signout%26signIn%3D1%26useRedirectOnSuccess%3D1"): Navigate to 'https://www.amazon.com/ap/signin?_encoding=UTF8&language=es&openid.assoc_handle=usflex&openid.claimed_id=http%3A%2F%2Fspecs.openid.net%2Fauth%2F2.0%2Fidentifier_select&openid.identity=http%3A%2F%2Fspecs.openid.net%2Fauth%2F2.0%2Fidentifier_select&openid.mode=checkid_setup&openid.ns=http%3A%2F%2Fspecs.openid.net%2Fauth%2F2.0&openid.ns.pape=http%3A%2F%2Fspecs.openid.net%2Fextensions%2Fpape%2F1.0&openid.pape.max_auth_age=0&openid.return_to=https%3A%2F%2Fwww.amazon.com%2Fgp%2Fyourstore%2Fhome%3Fie%3DUTF8%26action%3Dsign-out%26language%3Des%26path%3D%252Fgp%252Fyourstore%252Fhome%26ref_%3Dnav_AccountFlyout_signout%26signIn%3D1%26useRedirectOnSuccess%3D1' successfully

2022-01-31 12:05:04 - [MESSAGE][PASSED] - Navigate to 'https://www.amazon.com/ap/signin?_encoding=UTF8&language=es&openid.assoc_handle=usflex&openid.claimed_id=http%3A%2F%2Fspecs.openid.net%2Fauth%2F2.0%2Fidentifier_select&openid.identity=http%3A%2F%2Fspecs.openid.net%2Fauth%2F2.0%2Fidentifier_select&openid.mode=checkid_setup&openid.ns=http%3A%2F%2Fspecs.openid.net%2Fauth%2F2.0&openid.ns.pape=http%3A%2F%2Fspecs.openid.net%2Fextensions%2Fpape%2F1.0&openid.pape.max_auth_age=0&openid.return_to=https%3A%2F%2Fwww.amazon.com%2Fgp%2Fyourstore%2Fhome%3Fie%3DUTF8%26action%3Dsign-out%26language%3Des%26path%3D%252Fgp%252Fyourstore%252Fhome%26ref_%3Dnav_AccountFlyout_signout%26signIn%3D1%26useRedirectOnSuccess%3D1' successfully

2022-01-31 12:05:04 - [TEST_STEP][PASSED] - verifyElementPresent(findTestObject("Object Repository/RecordAndReplay1/Script1/Page_Amazon Iniciar sesin/input_Escriba su correo electrnico o su nme_4466f0"), 0): Object 'Object Repository/RecordAndReplay1/Script1/Page_Amazon Iniciar sesin/input_Escriba su correo electrnico o su nme_4466f0' is present

2022-01-31 12:05:05 - [MESSAGE][WARNING] - Timeout '0' is invalid. Using default page load timeout: '30'

2022-01-31 12:05:05 - [MESSAGE][PASSED] - Object 'Object Repository/RecordAndReplay1/Script1/Page_Amazon Iniciar sesin/input_Escriba su correo electrnico o su nme_4466f0' is present

2022-01-31 12:05:05 - [TEST_STEP][PASSED] - setText(findTestObject("Object Repository/RecordAndReplay4/Script4/Page_Amazon Iniciar sesin/input_Direccin de correo electrnico o nmero_cfb2c0"), "nayeliangelicamartinezmoreta@gmail.com"): Text 'nayeliangelicamartinezmoreta@gmail.com' is set on object 'Object Repository/RecordAndReplay4/Script4/Page_Amazon Iniciar sesin/input_Direccin de correo electrnico o nmero_cfb2c0'

2022-01-31 12:05:06 - [MESSAGE][PASSED] - Text 'nayeliangelicamartinezmoreta@gmail.com' is set on object 'Object Repository/RecordAndReplay4/Script4/Page_Amazon Iniciar sesin/input_Direccin de correo electrnico o nmero_cfb2c0'

2022-01-31 12:05:06 - [TEST_STEP][PASSED] - verifyElementClickable(findTestObject("Object Repository/RecordAndReplay1/Script1/Page_Amazon Iniciar sesin/input_Direccin de correo electrnico o nmero_cfb2c0")): Object 'Object Repository/RecordAndReplay1/Script1/Page_Amazon Iniciar sesin/input_Direccin de correo electrnico o nmero_cfb2c0' is clickable

2022-01-31 12:05:06 - [MESSAGE][PASSED] - Object 'Object Repository/RecordAndReplay1/Script1/Page_Amazon Iniciar sesin/input_Direccin de correo electrnico o nmero_cfb2c0' is clickable

2022-01-31 12:05:06 - [TEST_STEP][PASSED] - click(findTestObject("Object Repository/RecordAndReplay4/Script4/Page_Amazon Iniciar sesin/input_Escriba su correo electrnico o su nme_4466f0")): Object: 'Object Repository/RecordAndReplay4/Script4/Page_Amazon Iniciar sesin/input_Escriba su correo electrnico o su nme_4466f0' is clicked on

2022-01-31 12:05:14 - [MESSAGE][PASSED] - Object: 'Object Repository/RecordAndReplay4/Script4/Page_Amazon Iniciar sesin/input_Escriba su correo electrnico o su nme_4466f0' is clicked on

2022-01-31 12:05:14 - [TEST_STEP][PASSED] - click(findTestObject("Object Repository/RecordAndReplay4/Script4/Page_Amazon Iniciar sesin/input_Introduce tu contrasea_signInSubmit")): Object: 'Object Repository/RecordAndReplay4/Script4/Page_Amazon Iniciar sesin/input_Introduce tu contrasea_signInSubmit' is clicked on

2022-01-31 12:05:15 - [MESSAGE][PASSED] - Object: 'Object Repository/RecordAndReplay4/Script4/Page_Amazon Iniciar sesin/input_Introduce tu contrasea_signInSubmit' is clicked on

2022-01-31 12:05:15 - [TEST_STEP][PASSED] - click(findTestObject("Object Repository/RecordAndReplay4/Script4/Page_Amazon Iniciar sesin/div_Introduce tu contrasea")): Object: 'Object Repository/RecordAndReplay4/Script4/Page_Amazon Iniciar sesin/div_Introduce tu contrasea' is clicked on

2022-01-31 12:05:15 - [MESSAGE][PASSED] - Object: 'Object Repository/RecordAndReplay4/Script4/Page_Amazon Iniciar sesin/div_Introduce tu contrasea' is clicked on

2022-01-31 12:05:15 - [TEST_STEP][PASSED] - delay(3): Delayed 3 second(s)

2022-01-31 12:05:18 - [MESSAGE][PASSED] - Delayed 3 second(s)

2022-01-31 12:05:18 - [TEST_STEP][PASSED] - closeBrowser(): Browser is closed

2022-01-31 12:05:20 - [MESSAGE][PASSED] - Browser is closed]]></system-out>
         <system-err><![CDATA[]]></system-err>
      </testcase>
      <testcase name="Test Cases/Ejercicio1.1/Test_case_5_login" time="30.467" classname="Test Cases/Ejercicio1.1/Test_case_5_login" status="PASSED">
         <system-out><![CDATA[2022-01-31 12:05:20 - [TEST_CASE][PASSED] - Test Cases/Ejercicio1.1/Test_case_5_login: Test Cases/Ejercicio1.1/Test_case_5_login

2022-01-31 12:05:21 - [TEST_STEP][PASSED] - openBrowser(""): Browser is opened with url: ''

2022-01-31 12:05:21 - [MESSAGE][INFO] - Starting 'Chrome' driver

2022-01-31 12:05:21 - [MESSAGE][INFO] - Action delay is set to 0 milliseconds

2022-01-31 12:05:27 - [MESSAGE][PASSED] - Browser is opened with url: ''

2022-01-31 12:05:27 - [TEST_STEP][PASSED] - navigateToUrl("https://www.amazon.com/ap/signin?_encoding=UTF8&language=es&openid.assoc_handle=usflex&openid.claimed_id=http%3A%2F%2Fspecs.openid.net%2Fauth%2F2.0%2Fidentifier_select&openid.identity=http%3A%2F%2Fspecs.openid.net%2Fauth%2F2.0%2Fidentifier_select&openid.mode=checkid_setup&openid.ns=http%3A%2F%2Fspecs.openid.net%2Fauth%2F2.0&openid.ns.pape=http%3A%2F%2Fspecs.openid.net%2Fextensions%2Fpape%2F1.0&openid.pape.max_auth_age=0&openid.return_to=https%3A%2F%2Fwww.amazon.com%2Fgp%2Fyourstore%2Fhome%3Fie%3DUTF8%26action%3Dsign-out%26language%3Des%26path%3D%252Fgp%252Fyourstore%252Fhome%26ref_%3Dnav_AccountFlyout_signout%26signIn%3D1%26useRedirectOnSuccess%3D1"): Navigate to 'https://www.amazon.com/ap/signin?_encoding=UTF8&language=es&openid.assoc_handle=usflex&openid.claimed_id=http%3A%2F%2Fspecs.openid.net%2Fauth%2F2.0%2Fidentifier_select&openid.identity=http%3A%2F%2Fspecs.openid.net%2Fauth%2F2.0%2Fidentifier_select&openid.mode=checkid_setup&openid.ns=http%3A%2F%2Fspecs.openid.net%2Fauth%2F2.0&openid.ns.pape=http%3A%2F%2Fspecs.openid.net%2Fextensions%2Fpape%2F1.0&openid.pape.max_auth_age=0&openid.return_to=https%3A%2F%2Fwww.amazon.com%2Fgp%2Fyourstore%2Fhome%3Fie%3DUTF8%26action%3Dsign-out%26language%3Des%26path%3D%252Fgp%252Fyourstore%252Fhome%26ref_%3Dnav_AccountFlyout_signout%26signIn%3D1%26useRedirectOnSuccess%3D1' successfully

2022-01-31 12:05:42 - [MESSAGE][PASSED] - Navigate to 'https://www.amazon.com/ap/signin?_encoding=UTF8&language=es&openid.assoc_handle=usflex&openid.claimed_id=http%3A%2F%2Fspecs.openid.net%2Fauth%2F2.0%2Fidentifier_select&openid.identity=http%3A%2F%2Fspecs.openid.net%2Fauth%2F2.0%2Fidentifier_select&openid.mode=checkid_setup&openid.ns=http%3A%2F%2Fspecs.openid.net%2Fauth%2F2.0&openid.ns.pape=http%3A%2F%2Fspecs.openid.net%2Fextensions%2Fpape%2F1.0&openid.pape.max_auth_age=0&openid.return_to=https%3A%2F%2Fwww.amazon.com%2Fgp%2Fyourstore%2Fhome%3Fie%3DUTF8%26action%3Dsign-out%26language%3Des%26path%3D%252Fgp%252Fyourstore%252Fhome%26ref_%3Dnav_AccountFlyout_signout%26signIn%3D1%26useRedirectOnSuccess%3D1' successfully

2022-01-31 12:05:42 - [TEST_STEP][PASSED] - verifyElementPresent(findTestObject("Object Repository/RecordAndReplay1/Script1/Page_Amazon Iniciar sesin/input_Escriba su correo electrnico o su nme_4466f0"), 0): Object 'Object Repository/RecordAndReplay1/Script1/Page_Amazon Iniciar sesin/input_Escriba su correo electrnico o su nme_4466f0' is present

2022-01-31 12:05:43 - [MESSAGE][WARNING] - Timeout '0' is invalid. Using default page load timeout: '30'

2022-01-31 12:05:43 - [MESSAGE][PASSED] - Object 'Object Repository/RecordAndReplay1/Script1/Page_Amazon Iniciar sesin/input_Escriba su correo electrnico o su nme_4466f0' is present

2022-01-31 12:05:43 - [TEST_STEP][PASSED] - click(findTestObject("Object Repository/RecorAndReplay5/Script/Page_Amazon Iniciar sesin/input_Escriba su correo electrnico o su nme_4466f0")): Object: 'Object Repository/RecorAndReplay5/Script/Page_Amazon Iniciar sesin/input_Escriba su correo electrnico o su nme_4466f0' is clicked on

2022-01-31 12:05:44 - [MESSAGE][PASSED] - Object: 'Object Repository/RecorAndReplay5/Script/Page_Amazon Iniciar sesin/input_Escriba su correo electrnico o su nme_4466f0' is clicked on

2022-01-31 12:05:44 - [TEST_STEP][PASSED] - verifyElementClickable(findTestObject("Object Repository/RecordAndReplay1/Script1/Page_Amazon Iniciar sesin/input_Direccin de correo electrnico o nmero_cfb2c0")): Object 'Object Repository/RecordAndReplay1/Script1/Page_Amazon Iniciar sesin/input_Direccin de correo electrnico o nmero_cfb2c0' is clickable

2022-01-31 12:05:45 - [MESSAGE][PASSED] - Object 'Object Repository/RecordAndReplay1/Script1/Page_Amazon Iniciar sesin/input_Direccin de correo electrnico o nmero_cfb2c0' is clickable

2022-01-31 12:05:45 - [TEST_STEP][PASSED] - click(findTestObject("Object Repository/RecorAndReplay5/Script/Page_Amazon Iniciar sesin/div_Escriba su correo electrnico o su nmero_20b649")): Object: 'Object Repository/RecorAndReplay5/Script/Page_Amazon Iniciar sesin/div_Escriba su correo electrnico o su nmero_20b649' is clicked on

2022-01-31 12:05:46 - [MESSAGE][PASSED] - Object: 'Object Repository/RecorAndReplay5/Script/Page_Amazon Iniciar sesin/div_Escriba su correo electrnico o su nmero_20b649' is clicked on

2022-01-31 12:05:46 - [TEST_STEP][PASSED] - delay(3): Delayed 3 second(s)

2022-01-31 12:05:49 - [MESSAGE][PASSED] - Delayed 3 second(s)

2022-01-31 12:05:49 - [TEST_STEP][PASSED] - closeBrowser(): Browser is closed

2022-01-31 12:05:50 - [MESSAGE][PASSED] - Browser is closed]]></system-out>
         <system-err><![CDATA[]]></system-err>
      </testcase>
      <system-out><![CDATA[2022-01-31 12:02:38 - [TEST_SUITE][PASSED] - TestSuite1: Test Cases/Ejercicio1.1/Test_case_5_login]]></system-out>
      <system-err><![CDATA[]]></system-err>
   </testsuite>
</testsuites>
