<?xml version="1.0" encoding="UTF-8"?>
<testsuites name="TestSuiteForData" time="220.475" tests="5" failures="0" errors="0">
   <testsuite name="TestSuiteForData" tests="5" failures="0" errors="0" time="220.475" skipped="0" timestamp="2022-02-01 10:05:46" hostname="Nayeli Martinez - 192.168.0.19" id="Test Suites/TestSuiteForData">
      <properties>
         <property name="deviceName" value=""/>
         <property name="devicePlatform" value=""/>
         <property name="logFolder" value="C:\\Users\\Nayeli Martinez\\git\\KatalonStudio\\Reports\\20220201_100539\\TestSuiteForData\\20220201_100539"/>
         <property name="logFiles" value="C:\\Users\\Nayeli Martinez\\git\\KatalonStudio\\Reports\\20220201_100539\\TestSuiteForData\\20220201_100539\\execution0.log"/>
         <property name="attachments" value=""/>
         <property name="hostName" value="Nayeli Martinez - 192.168.0.19"/>
         <property name="os" value="Windows 10 64bit"/>
         <property name="katalonVersion" value="8.2.5.208"/>
         <property name="browser" value="Chrome 97.0.4692.99"/>
         <property name="hostAddress" value="192.168.0.19"/>
         <property name="sessionId" value="fa93f8a4f8c22dc5390d7fb3a21949be"/>
         <property name="seleniumVersion" value="3.141.59"/>
         <property name="proxyInformation" value="ProxyInformation { proxyOption=NO_PROXY, proxyServerType=HTTP, username=, password=********, proxyServerAddress=, proxyServerPort=0, executionList=&quot;&quot;, isApplyToDesiredCapabilities=true }"/>
         <property name="platform" value="Windows 10"/>
      </properties>
      <testcase name="Test Cases/Ejercicio1.1/Test_case_1-login" time="78.107" classname="Test Cases/Ejercicio1.1/Test_case_1-login" status="PASSED">
         <system-out><![CDATA[2022-02-01 10:05:47 - [TEST_CASE][PASSED] - Test Cases/Ejercicio1.1/Test_case_1-login: Test Cases/Ejercicio1.1/Test_case_1-login

2022-02-01 10:05:48 - [TEST_STEP][PASSED] - openBrowser(""): Browser is opened with url: ''

2022-02-01 10:05:49 - [MESSAGE][INFO] - Starting 'Chrome' driver

2022-02-01 10:05:49 - [MESSAGE][INFO] - Action delay is set to 0 milliseconds

2022-02-01 10:06:16 - [MESSAGE][PASSED] - Browser is opened with url: ''

2022-02-01 10:06:16 - [TEST_STEP][PASSED] - navigateToUrl("https://www.amazon.com/ap/signin?_encoding=UTF8&language=es&openid.assoc_handle=usflex&openid.claimed_id=http%3A%2F%2Fspecs.openid.net%2Fauth%2F2.0%2Fidentifier_select&openid.identity=http%3A%2F%2Fspecs.openid.net%2Fauth%2F2.0%2Fidentifier_select&openid.mode=checkid_setup&openid.ns=http%3A%2F%2Fspecs.openid.net%2Fauth%2F2.0&openid.ns.pape=http%3A%2F%2Fspecs.openid.net%2Fextensions%2Fpape%2F1.0&openid.pape.max_auth_age=0&openid.return_to=https%3A%2F%2Fwww.amazon.com%2Fgp%2Fyourstore%2Fhome%3Fie%3DUTF8%26action%3Dsign-out%26language%3Des%26path%3D%252Fgp%252Fyourstore%252Fhome%26ref_%3Dnav_AccountFlyout_signout%26signIn%3D1%26useRedirectOnSuccess%3D1"): Navigate to 'https://www.amazon.com/ap/signin?_encoding=UTF8&language=es&openid.assoc_handle=usflex&openid.claimed_id=http%3A%2F%2Fspecs.openid.net%2Fauth%2F2.0%2Fidentifier_select&openid.identity=http%3A%2F%2Fspecs.openid.net%2Fauth%2F2.0%2Fidentifier_select&openid.mode=checkid_setup&openid.ns=http%3A%2F%2Fspecs.openid.net%2Fauth%2F2.0&openid.ns.pape=http%3A%2F%2Fspecs.openid.net%2Fextensions%2Fpape%2F1.0&openid.pape.max_auth_age=0&openid.return_to=https%3A%2F%2Fwww.amazon.com%2Fgp%2Fyourstore%2Fhome%3Fie%3DUTF8%26action%3Dsign-out%26language%3Des%26path%3D%252Fgp%252Fyourstore%252Fhome%26ref_%3Dnav_AccountFlyout_signout%26signIn%3D1%26useRedirectOnSuccess%3D1' successfully

2022-02-01 10:06:23 - [MESSAGE][PASSED] - Navigate to 'https://www.amazon.com/ap/signin?_encoding=UTF8&language=es&openid.assoc_handle=usflex&openid.claimed_id=http%3A%2F%2Fspecs.openid.net%2Fauth%2F2.0%2Fidentifier_select&openid.identity=http%3A%2F%2Fspecs.openid.net%2Fauth%2F2.0%2Fidentifier_select&openid.mode=checkid_setup&openid.ns=http%3A%2F%2Fspecs.openid.net%2Fauth%2F2.0&openid.ns.pape=http%3A%2F%2Fspecs.openid.net%2Fextensions%2Fpape%2F1.0&openid.pape.max_auth_age=0&openid.return_to=https%3A%2F%2Fwww.amazon.com%2Fgp%2Fyourstore%2Fhome%3Fie%3DUTF8%26action%3Dsign-out%26language%3Des%26path%3D%252Fgp%252Fyourstore%252Fhome%26ref_%3Dnav_AccountFlyout_signout%26signIn%3D1%26useRedirectOnSuccess%3D1' successfully

2022-02-01 10:06:23 - [TEST_STEP][PASSED] - verifyElementPresent(findTestObject("Object Repository/RecordAndReplay1/Script1/Page_Amazon Iniciar sesin/input_Escriba su correo electrnico o su nme_4466f0"), 0): Object 'Object Repository/RecordAndReplay1/Script1/Page_Amazon Iniciar sesin/input_Escriba su correo electrnico o su nme_4466f0' is present

2022-02-01 10:06:23 - [MESSAGE][WARNING] - Timeout '0' is invalid. Using default page load timeout: '30'

2022-02-01 10:06:35 - [MESSAGE][PASSED] - Object 'Object Repository/RecordAndReplay1/Script1/Page_Amazon Iniciar sesin/input_Escriba su correo electrnico o su nme_4466f0' is present

2022-02-01 10:06:35 - [TEST_STEP][PASSED] - setText(findTestObject("Object Repository/RecordAndReplay1/Script1/Page_Amazon Iniciar sesin/input_Direccin de correo electrnico o nmero_cfb2c0"), UsernameC): Text 'nayeliangelicamartinezmoreta@gmail.com' is set on object 'Object Repository/RecordAndReplay1/Script1/Page_Amazon Iniciar sesin/input_Direccin de correo electrnico o nmero_cfb2c0'

2022-02-01 10:06:48 - [MESSAGE][PASSED] - Text 'nayeliangelicamartinezmoreta@gmail.com' is set on object 'Object Repository/RecordAndReplay1/Script1/Page_Amazon Iniciar sesin/input_Direccin de correo electrnico o nmero_cfb2c0'

2022-02-01 10:06:48 - [TEST_STEP][PASSED] - verifyElementClickable(findTestObject("Object Repository/RecordAndReplay1/Script1/Page_Amazon Iniciar sesin/input_Direccin de correo electrnico o nmero_cfb2c0")): Object 'Object Repository/RecordAndReplay1/Script1/Page_Amazon Iniciar sesin/input_Direccin de correo electrnico o nmero_cfb2c0' is clickable

2022-02-01 10:06:49 - [MESSAGE][PASSED] - Object 'Object Repository/RecordAndReplay1/Script1/Page_Amazon Iniciar sesin/input_Direccin de correo electrnico o nmero_cfb2c0' is clickable

2022-02-01 10:06:49 - [TEST_STEP][PASSED] - click(findTestObject("Object Repository/RecordAndReplay1/Script1/Page_Amazon Iniciar sesin/input_Escriba su correo electrnico o su nme_4466f0")): Object: 'Object Repository/RecordAndReplay1/Script1/Page_Amazon Iniciar sesin/input_Escriba su correo electrnico o su nme_4466f0' is clicked on

2022-02-01 10:06:53 - [MESSAGE][PASSED] - Object: 'Object Repository/RecordAndReplay1/Script1/Page_Amazon Iniciar sesin/input_Escriba su correo electrnico o su nme_4466f0' is clicked on

2022-02-01 10:06:53 - [TEST_STEP][PASSED] - verifyElementPresent(findTestObject("Object Repository/RecordAndReplay1/Script1/Page_Amazon Iniciar sesin/input_Introduce tu contrasea_signInSubmit"), 0): Object 'Object Repository/RecordAndReplay1/Script1/Page_Amazon Iniciar sesin/input_Introduce tu contrasea_signInSubmit' is present

2022-02-01 10:06:53 - [MESSAGE][WARNING] - Timeout '0' is invalid. Using default page load timeout: '30'

2022-02-01 10:06:53 - [MESSAGE][PASSED] - Object 'Object Repository/RecordAndReplay1/Script1/Page_Amazon Iniciar sesin/input_Introduce tu contrasea_signInSubmit' is present

2022-02-01 10:06:53 - [TEST_STEP][PASSED] - setEncryptedText(findTestObject("Object Repository/RecordAndReplay1/Script1/Page_Amazon Iniciar sesin/input_Olvidaste tu contrasea_password"), PasswordI): Text ****** has been set on object 'Object Repository/RecordAndReplay1/Script1/Page_Amazon Iniciar sesin/input_Olvidaste tu contrasea_password'

2022-02-01 10:06:54 - [MESSAGE][PASSED] - Text ****** has been set on object 'Object Repository/RecordAndReplay1/Script1/Page_Amazon Iniciar sesin/input_Olvidaste tu contrasea_password'

2022-02-01 10:06:54 - [TEST_STEP][PASSED] - verifyElementClickable(findTestObject("Object Repository/RecordAndReplay1/Script1/Page_Amazon Iniciar sesin/input_Olvidaste tu contrasea_password")): Object 'Object Repository/RecordAndReplay1/Script1/Page_Amazon Iniciar sesin/input_Olvidaste tu contrasea_password' is clickable

2022-02-01 10:06:54 - [MESSAGE][PASSED] - Object 'Object Repository/RecordAndReplay1/Script1/Page_Amazon Iniciar sesin/input_Olvidaste tu contrasea_password' is clickable

2022-02-01 10:06:54 - [TEST_STEP][PASSED] - click(findTestObject("Object Repository/RecordAndReplay1/Script1/Page_Amazon Iniciar sesin/input_Introduce tu contrasea_signInSubmit")): Object: 'Object Repository/RecordAndReplay1/Script1/Page_Amazon Iniciar sesin/input_Introduce tu contrasea_signInSubmit' is clicked on

2022-02-01 10:06:55 - [MESSAGE][PASSED] - Object: 'Object Repository/RecordAndReplay1/Script1/Page_Amazon Iniciar sesin/input_Introduce tu contrasea_signInSubmit' is clicked on

2022-02-01 10:06:55 - [TEST_STEP][PASSED] - click(findTestObject("Object Repository/RecordAndReplay1/Script1/Page_Amazon Iniciar sesin/div_Se produjo un problema                 _c3c363")): Object: 'Object Repository/RecordAndReplay1/Script1/Page_Amazon Iniciar sesin/div_Se produjo un problema                 _c3c363' is clicked on

2022-02-01 10:06:58 - [MESSAGE][PASSED] - Object: 'Object Repository/RecordAndReplay1/Script1/Page_Amazon Iniciar sesin/div_Se produjo un problema                 _c3c363' is clicked on

2022-02-01 10:06:58 - [TEST_STEP][PASSED] - delay(3): Delayed 3 second(s)

2022-02-01 10:07:01 - [MESSAGE][PASSED] - Delayed 3 second(s)

2022-02-01 10:07:01 - [TEST_STEP][PASSED] - closeBrowser(): Browser is closed

2022-02-01 10:07:05 - [MESSAGE][PASSED] - Browser is closed]]></system-out>
         <system-err><![CDATA[]]></system-err>
      </testcase>
      <testcase name="Test Cases/Ejercicio1.1/Test_case_2_login" time="50.009" classname="Test Cases/Ejercicio1.1/Test_case_2_login" status="PASSED">
         <system-out><![CDATA[2022-02-01 10:07:05 - [TEST_CASE][PASSED] - Test Cases/Ejercicio1.1/Test_case_2_login: Test Cases/Ejercicio1.1/Test_case_2_login

2022-02-01 10:07:06 - [TEST_STEP][PASSED] - openBrowser(""): Browser is opened with url: ''

2022-02-01 10:07:06 - [MESSAGE][INFO] - Starting 'Chrome' driver

2022-02-01 10:07:06 - [MESSAGE][INFO] - Action delay is set to 0 milliseconds

2022-02-01 10:07:34 - [MESSAGE][PASSED] - Browser is opened with url: ''

2022-02-01 10:07:34 - [TEST_STEP][PASSED] - navigateToUrl("https://www.amazon.com/ap/signin?_encoding=UTF8&language=es&openid.assoc_handle=usflex&openid.claimed_id=http%3A%2F%2Fspecs.openid.net%2Fauth%2F2.0%2Fidentifier_select&openid.identity=http%3A%2F%2Fspecs.openid.net%2Fauth%2F2.0%2Fidentifier_select&openid.mode=checkid_setup&openid.ns=http%3A%2F%2Fspecs.openid.net%2Fauth%2F2.0&openid.ns.pape=http%3A%2F%2Fspecs.openid.net%2Fextensions%2Fpape%2F1.0&openid.pape.max_auth_age=0&openid.return_to=https%3A%2F%2Fwww.amazon.com%2Fgp%2Fyourstore%2Fhome%3Fie%3DUTF8%26action%3Dsign-out%26language%3Des%26path%3D%252Fgp%252Fyourstore%252Fhome%26ref_%3Dnav_AccountFlyout_signout%26signIn%3D1%26useRedirectOnSuccess%3D1"): Navigate to 'https://www.amazon.com/ap/signin?_encoding=UTF8&language=es&openid.assoc_handle=usflex&openid.claimed_id=http%3A%2F%2Fspecs.openid.net%2Fauth%2F2.0%2Fidentifier_select&openid.identity=http%3A%2F%2Fspecs.openid.net%2Fauth%2F2.0%2Fidentifier_select&openid.mode=checkid_setup&openid.ns=http%3A%2F%2Fspecs.openid.net%2Fauth%2F2.0&openid.ns.pape=http%3A%2F%2Fspecs.openid.net%2Fextensions%2Fpape%2F1.0&openid.pape.max_auth_age=0&openid.return_to=https%3A%2F%2Fwww.amazon.com%2Fgp%2Fyourstore%2Fhome%3Fie%3DUTF8%26action%3Dsign-out%26language%3Des%26path%3D%252Fgp%252Fyourstore%252Fhome%26ref_%3Dnav_AccountFlyout_signout%26signIn%3D1%26useRedirectOnSuccess%3D1' successfully

2022-02-01 10:07:42 - [MESSAGE][PASSED] - Navigate to 'https://www.amazon.com/ap/signin?_encoding=UTF8&language=es&openid.assoc_handle=usflex&openid.claimed_id=http%3A%2F%2Fspecs.openid.net%2Fauth%2F2.0%2Fidentifier_select&openid.identity=http%3A%2F%2Fspecs.openid.net%2Fauth%2F2.0%2Fidentifier_select&openid.mode=checkid_setup&openid.ns=http%3A%2F%2Fspecs.openid.net%2Fauth%2F2.0&openid.ns.pape=http%3A%2F%2Fspecs.openid.net%2Fextensions%2Fpape%2F1.0&openid.pape.max_auth_age=0&openid.return_to=https%3A%2F%2Fwww.amazon.com%2Fgp%2Fyourstore%2Fhome%3Fie%3DUTF8%26action%3Dsign-out%26language%3Des%26path%3D%252Fgp%252Fyourstore%252Fhome%26ref_%3Dnav_AccountFlyout_signout%26signIn%3D1%26useRedirectOnSuccess%3D1' successfully

2022-02-01 10:07:42 - [TEST_STEP][PASSED] - verifyElementPresent(findTestObject("Object Repository/RecordAndReplay1/Script1/Page_Amazon Iniciar sesin/input_Escriba su correo electrnico o su nme_4466f0"), 0): Object 'Object Repository/RecordAndReplay1/Script1/Page_Amazon Iniciar sesin/input_Escriba su correo electrnico o su nme_4466f0' is present

2022-02-01 10:07:43 - [MESSAGE][WARNING] - Timeout '0' is invalid. Using default page load timeout: '30'

2022-02-01 10:07:46 - [MESSAGE][PASSED] - Object 'Object Repository/RecordAndReplay1/Script1/Page_Amazon Iniciar sesin/input_Escriba su correo electrnico o su nme_4466f0' is present

2022-02-01 10:07:46 - [TEST_STEP][PASSED] - setText(findTestObject("Object Repository/RecordAndReplay2/Script2/Page_Amazon Iniciar sesin/input_Direccin de correo electrnico o nmero_cfb2c0"), UsernameI): Text 'nayeli.martinez@solvex.com.do' is set on object 'Object Repository/RecordAndReplay2/Script2/Page_Amazon Iniciar sesin/input_Direccin de correo electrnico o nmero_cfb2c0'

2022-02-01 10:07:47 - [MESSAGE][PASSED] - Text 'nayeli.martinez@solvex.com.do' is set on object 'Object Repository/RecordAndReplay2/Script2/Page_Amazon Iniciar sesin/input_Direccin de correo electrnico o nmero_cfb2c0'

2022-02-01 10:07:47 - [TEST_STEP][PASSED] - verifyElementClickable(findTestObject("Object Repository/RecordAndReplay1/Script1/Page_Amazon Iniciar sesin/input_Direccin de correo electrnico o nmero_cfb2c0")): Object 'Object Repository/RecordAndReplay1/Script1/Page_Amazon Iniciar sesin/input_Direccin de correo electrnico o nmero_cfb2c0' is clickable

2022-02-01 10:07:48 - [MESSAGE][PASSED] - Object 'Object Repository/RecordAndReplay1/Script1/Page_Amazon Iniciar sesin/input_Direccin de correo electrnico o nmero_cfb2c0' is clickable

2022-02-01 10:07:48 - [TEST_STEP][PASSED] - click(findTestObject("Object Repository/RecordAndReplay2/Script2/Page_Amazon Iniciar sesin/input_Escriba su correo electrnico o su nme_4466f0")): Object: 'Object Repository/RecordAndReplay2/Script2/Page_Amazon Iniciar sesin/input_Escriba su correo electrnico o su nme_4466f0' is clicked on

2022-02-01 10:07:50 - [MESSAGE][PASSED] - Object: 'Object Repository/RecordAndReplay2/Script2/Page_Amazon Iniciar sesin/input_Escriba su correo electrnico o su nme_4466f0' is clicked on

2022-02-01 10:07:50 - [TEST_STEP][PASSED] - click(findTestObject("Object Repository/RecordAndReplay2/Script2/Page_Amazon Iniciar sesin/div_Se produjo un problema                 _cb4f21")): Object: 'Object Repository/RecordAndReplay2/Script2/Page_Amazon Iniciar sesin/div_Se produjo un problema                 _cb4f21' is clicked on

2022-02-01 10:07:51 - [MESSAGE][PASSED] - Object: 'Object Repository/RecordAndReplay2/Script2/Page_Amazon Iniciar sesin/div_Se produjo un problema                 _cb4f21' is clicked on

2022-02-01 10:07:51 - [TEST_STEP][PASSED] - delay(3): Delayed 3 second(s)

2022-02-01 10:07:54 - [MESSAGE][PASSED] - Delayed 3 second(s)

2022-02-01 10:07:54 - [TEST_STEP][PASSED] - closeBrowser(): Browser is closed

2022-02-01 10:07:55 - [MESSAGE][PASSED] - Browser is closed]]></system-out>
         <system-err><![CDATA[]]></system-err>
      </testcase>
      <testcase name="Test Cases/Ejercicio1.1/Test_case_3_login" time="51.794" classname="Test Cases/Ejercicio1.1/Test_case_3_login" status="PASSED">
         <system-out><![CDATA[2022-02-01 10:07:55 - [TEST_CASE][PASSED] - Test Cases/Ejercicio1.1/Test_case_3_login: Test Cases/Ejercicio1.1/Test_case_3_login

2022-02-01 10:07:56 - [TEST_STEP][PASSED] - openBrowser(""): Browser is opened with url: ''

2022-02-01 10:07:56 - [MESSAGE][INFO] - Starting 'Chrome' driver

2022-02-01 10:07:56 - [MESSAGE][INFO] - Action delay is set to 0 milliseconds

2022-02-01 10:08:01 - [MESSAGE][PASSED] - Browser is opened with url: ''

2022-02-01 10:08:01 - [TEST_STEP][PASSED] - navigateToUrl("https://www.amazon.com/ap/signin?_encoding=UTF8&language=es&openid.assoc_handle=usflex&openid.claimed_id=http%3A%2F%2Fspecs.openid.net%2Fauth%2F2.0%2Fidentifier_select&openid.identity=http%3A%2F%2Fspecs.openid.net%2Fauth%2F2.0%2Fidentifier_select&openid.mode=checkid_setup&openid.ns=http%3A%2F%2Fspecs.openid.net%2Fauth%2F2.0&openid.ns.pape=http%3A%2F%2Fspecs.openid.net%2Fextensions%2Fpape%2F1.0&openid.pape.max_auth_age=0&openid.return_to=https%3A%2F%2Fwww.amazon.com%2Fgp%2Fyourstore%2Fhome%3Fie%3DUTF8%26action%3Dsign-out%26language%3Des%26path%3D%252Fgp%252Fyourstore%252Fhome%26ref_%3Dnav_AccountFlyout_signout%26signIn%3D1%26useRedirectOnSuccess%3D1"): Navigate to 'https://www.amazon.com/ap/signin?_encoding=UTF8&language=es&openid.assoc_handle=usflex&openid.claimed_id=http%3A%2F%2Fspecs.openid.net%2Fauth%2F2.0%2Fidentifier_select&openid.identity=http%3A%2F%2Fspecs.openid.net%2Fauth%2F2.0%2Fidentifier_select&openid.mode=checkid_setup&openid.ns=http%3A%2F%2Fspecs.openid.net%2Fauth%2F2.0&openid.ns.pape=http%3A%2F%2Fspecs.openid.net%2Fextensions%2Fpape%2F1.0&openid.pape.max_auth_age=0&openid.return_to=https%3A%2F%2Fwww.amazon.com%2Fgp%2Fyourstore%2Fhome%3Fie%3DUTF8%26action%3Dsign-out%26language%3Des%26path%3D%252Fgp%252Fyourstore%252Fhome%26ref_%3Dnav_AccountFlyout_signout%26signIn%3D1%26useRedirectOnSuccess%3D1' successfully

2022-02-01 10:08:17 - [MESSAGE][PASSED] - Navigate to 'https://www.amazon.com/ap/signin?_encoding=UTF8&language=es&openid.assoc_handle=usflex&openid.claimed_id=http%3A%2F%2Fspecs.openid.net%2Fauth%2F2.0%2Fidentifier_select&openid.identity=http%3A%2F%2Fspecs.openid.net%2Fauth%2F2.0%2Fidentifier_select&openid.mode=checkid_setup&openid.ns=http%3A%2F%2Fspecs.openid.net%2Fauth%2F2.0&openid.ns.pape=http%3A%2F%2Fspecs.openid.net%2Fextensions%2Fpape%2F1.0&openid.pape.max_auth_age=0&openid.return_to=https%3A%2F%2Fwww.amazon.com%2Fgp%2Fyourstore%2Fhome%3Fie%3DUTF8%26action%3Dsign-out%26language%3Des%26path%3D%252Fgp%252Fyourstore%252Fhome%26ref_%3Dnav_AccountFlyout_signout%26signIn%3D1%26useRedirectOnSuccess%3D1' successfully

2022-02-01 10:08:17 - [TEST_STEP][PASSED] - verifyElementPresent(findTestObject("Object Repository/RecordAndReplay1/Script1/Page_Amazon Iniciar sesin/input_Escriba su correo electrnico o su nme_4466f0"), 0): Object 'Object Repository/RecordAndReplay1/Script1/Page_Amazon Iniciar sesin/input_Escriba su correo electrnico o su nme_4466f0' is present

2022-02-01 10:08:18 - [MESSAGE][WARNING] - Timeout '0' is invalid. Using default page load timeout: '30'

2022-02-01 10:08:24 - [MESSAGE][PASSED] - Object 'Object Repository/RecordAndReplay1/Script1/Page_Amazon Iniciar sesin/input_Escriba su correo electrnico o su nme_4466f0' is present

2022-02-01 10:08:24 - [TEST_STEP][PASSED] - setText(findTestObject("Object Repository/RecordAndReplay3/Script3/Page_Amazon Iniciar sesin/input_Direccin de correo electrnico o nmero_cfb2c0"), UsernameP): Text 'nayeliangelicamartinezmoreta@gmail.com' is set on object 'Object Repository/RecordAndReplay3/Script3/Page_Amazon Iniciar sesin/input_Direccin de correo electrnico o nmero_cfb2c0'

2022-02-01 10:08:25 - [MESSAGE][PASSED] - Text 'nayeliangelicamartinezmoreta@gmail.com' is set on object 'Object Repository/RecordAndReplay3/Script3/Page_Amazon Iniciar sesin/input_Direccin de correo electrnico o nmero_cfb2c0'

2022-02-01 10:08:25 - [TEST_STEP][PASSED] - verifyElementClickable(findTestObject("Object Repository/RecordAndReplay1/Script1/Page_Amazon Iniciar sesin/input_Direccin de correo electrnico o nmero_cfb2c0")): Object 'Object Repository/RecordAndReplay1/Script1/Page_Amazon Iniciar sesin/input_Direccin de correo electrnico o nmero_cfb2c0' is clickable

2022-02-01 10:08:26 - [MESSAGE][PASSED] - Object 'Object Repository/RecordAndReplay1/Script1/Page_Amazon Iniciar sesin/input_Direccin de correo electrnico o nmero_cfb2c0' is clickable

2022-02-01 10:08:26 - [TEST_STEP][PASSED] - click(findTestObject("Object Repository/RecordAndReplay3/Script3/Page_Amazon Iniciar sesin/input_Escriba su correo electrnico o su nme_4466f0")): Object: 'Object Repository/RecordAndReplay3/Script3/Page_Amazon Iniciar sesin/input_Escriba su correo electrnico o su nme_4466f0' is clicked on

2022-02-01 10:08:31 - [MESSAGE][PASSED] - Object: 'Object Repository/RecordAndReplay3/Script3/Page_Amazon Iniciar sesin/input_Escriba su correo electrnico o su nme_4466f0' is clicked on

2022-02-01 10:08:31 - [TEST_STEP][PASSED] - verifyElementPresent(findTestObject("Object Repository/RecordAndReplay1/Script1/Page_Amazon Iniciar sesin/input_Introduce tu contrasea_signInSubmit"), 0): Object 'Object Repository/RecordAndReplay1/Script1/Page_Amazon Iniciar sesin/input_Introduce tu contrasea_signInSubmit' is present

2022-02-01 10:08:31 - [MESSAGE][WARNING] - Timeout '0' is invalid. Using default page load timeout: '30'

2022-02-01 10:08:32 - [MESSAGE][PASSED] - Object 'Object Repository/RecordAndReplay1/Script1/Page_Amazon Iniciar sesin/input_Introduce tu contrasea_signInSubmit' is present

2022-02-01 10:08:32 - [TEST_STEP][PASSED] - setEncryptedText(findTestObject("Object Repository/RecordAndReplay3/Script3/Page_Amazon Iniciar sesin/input_Olvidaste tu contrasea_password"), PasswordP): Text ****** has been set on object 'Object Repository/RecordAndReplay3/Script3/Page_Amazon Iniciar sesin/input_Olvidaste tu contrasea_password'

2022-02-01 10:08:33 - [MESSAGE][PASSED] - Text ****** has been set on object 'Object Repository/RecordAndReplay3/Script3/Page_Amazon Iniciar sesin/input_Olvidaste tu contrasea_password'

2022-02-01 10:08:33 - [TEST_STEP][PASSED] - verifyElementClickable(findTestObject("Object Repository/RecordAndReplay1/Script1/Page_Amazon Iniciar sesin/input_Olvidaste tu contrasea_password")): Object 'Object Repository/RecordAndReplay1/Script1/Page_Amazon Iniciar sesin/input_Olvidaste tu contrasea_password' is clickable

2022-02-01 10:08:34 - [MESSAGE][PASSED] - Object 'Object Repository/RecordAndReplay1/Script1/Page_Amazon Iniciar sesin/input_Olvidaste tu contrasea_password' is clickable

2022-02-01 10:08:34 - [TEST_STEP][PASSED] - click(findTestObject("Object Repository/RecordAndReplay3/Script3/Page_Amazon Iniciar sesin/input_Introduce tu contrasea_signInSubmit")): Object: 'Object Repository/RecordAndReplay3/Script3/Page_Amazon Iniciar sesin/input_Introduce tu contrasea_signInSubmit' is clicked on

2022-02-01 10:08:34 - [MESSAGE][PASSED] - Object: 'Object Repository/RecordAndReplay3/Script3/Page_Amazon Iniciar sesin/input_Introduce tu contrasea_signInSubmit' is clicked on

2022-02-01 10:08:34 - [TEST_STEP][PASSED] - delay(3): Delayed 3 second(s)

2022-02-01 10:08:37 - [MESSAGE][PASSED] - Delayed 3 second(s)

2022-02-01 10:08:37 - [TEST_STEP][PASSED] - closeBrowser(): Browser is closed

2022-02-01 10:08:47 - [MESSAGE][PASSED] - Browser is closed]]></system-out>
         <system-err><![CDATA[]]></system-err>
      </testcase>
      <testcase name="Test Cases/Ejercicio1.1/Test_case_4_login" time="24.62" classname="Test Cases/Ejercicio1.1/Test_case_4_login" status="PASSED">
         <system-out><![CDATA[2022-02-01 10:08:47 - [TEST_CASE][PASSED] - Test Cases/Ejercicio1.1/Test_case_4_login: Test Cases/Ejercicio1.1/Test_case_4_login

2022-02-01 10:08:48 - [TEST_STEP][PASSED] - openBrowser(""): Browser is opened with url: ''

2022-02-01 10:08:48 - [MESSAGE][INFO] - Starting 'Chrome' driver

2022-02-01 10:08:48 - [MESSAGE][INFO] - Action delay is set to 0 milliseconds

2022-02-01 10:08:55 - [MESSAGE][PASSED] - Browser is opened with url: ''

2022-02-01 10:08:55 - [TEST_STEP][PASSED] - navigateToUrl("https://www.amazon.com/ap/signin?_encoding=UTF8&language=es&openid.assoc_handle=usflex&openid.claimed_id=http%3A%2F%2Fspecs.openid.net%2Fauth%2F2.0%2Fidentifier_select&openid.identity=http%3A%2F%2Fspecs.openid.net%2Fauth%2F2.0%2Fidentifier_select&openid.mode=checkid_setup&openid.ns=http%3A%2F%2Fspecs.openid.net%2Fauth%2F2.0&openid.ns.pape=http%3A%2F%2Fspecs.openid.net%2Fextensions%2Fpape%2F1.0&openid.pape.max_auth_age=0&openid.return_to=https%3A%2F%2Fwww.amazon.com%2Fgp%2Fyourstore%2Fhome%3Fie%3DUTF8%26action%3Dsign-out%26language%3Des%26path%3D%252Fgp%252Fyourstore%252Fhome%26ref_%3Dnav_AccountFlyout_signout%26signIn%3D1%26useRedirectOnSuccess%3D1"): Navigate to 'https://www.amazon.com/ap/signin?_encoding=UTF8&language=es&openid.assoc_handle=usflex&openid.claimed_id=http%3A%2F%2Fspecs.openid.net%2Fauth%2F2.0%2Fidentifier_select&openid.identity=http%3A%2F%2Fspecs.openid.net%2Fauth%2F2.0%2Fidentifier_select&openid.mode=checkid_setup&openid.ns=http%3A%2F%2Fspecs.openid.net%2Fauth%2F2.0&openid.ns.pape=http%3A%2F%2Fspecs.openid.net%2Fextensions%2Fpape%2F1.0&openid.pape.max_auth_age=0&openid.return_to=https%3A%2F%2Fwww.amazon.com%2Fgp%2Fyourstore%2Fhome%3Fie%3DUTF8%26action%3Dsign-out%26language%3Des%26path%3D%252Fgp%252Fyourstore%252Fhome%26ref_%3Dnav_AccountFlyout_signout%26signIn%3D1%26useRedirectOnSuccess%3D1' successfully

2022-02-01 10:09:01 - [MESSAGE][PASSED] - Navigate to 'https://www.amazon.com/ap/signin?_encoding=UTF8&language=es&openid.assoc_handle=usflex&openid.claimed_id=http%3A%2F%2Fspecs.openid.net%2Fauth%2F2.0%2Fidentifier_select&openid.identity=http%3A%2F%2Fspecs.openid.net%2Fauth%2F2.0%2Fidentifier_select&openid.mode=checkid_setup&openid.ns=http%3A%2F%2Fspecs.openid.net%2Fauth%2F2.0&openid.ns.pape=http%3A%2F%2Fspecs.openid.net%2Fextensions%2Fpape%2F1.0&openid.pape.max_auth_age=0&openid.return_to=https%3A%2F%2Fwww.amazon.com%2Fgp%2Fyourstore%2Fhome%3Fie%3DUTF8%26action%3Dsign-out%26language%3Des%26path%3D%252Fgp%252Fyourstore%252Fhome%26ref_%3Dnav_AccountFlyout_signout%26signIn%3D1%26useRedirectOnSuccess%3D1' successfully

2022-02-01 10:09:01 - [TEST_STEP][PASSED] - verifyElementPresent(findTestObject("Object Repository/RecordAndReplay1/Script1/Page_Amazon Iniciar sesin/input_Escriba su correo electrnico o su nme_4466f0"), 0): Object 'Object Repository/RecordAndReplay1/Script1/Page_Amazon Iniciar sesin/input_Escriba su correo electrnico o su nme_4466f0' is present

2022-02-01 10:09:02 - [MESSAGE][WARNING] - Timeout '0' is invalid. Using default page load timeout: '30'

2022-02-01 10:09:03 - [MESSAGE][PASSED] - Object 'Object Repository/RecordAndReplay1/Script1/Page_Amazon Iniciar sesin/input_Escriba su correo electrnico o su nme_4466f0' is present

2022-02-01 10:09:03 - [TEST_STEP][PASSED] - setText(findTestObject("Object Repository/RecordAndReplay4/Script4/Page_Amazon Iniciar sesin/input_Direccin de correo electrnico o nmero_cfb2c0"), UsernameC2): Text 'nayeliangelicamartinezmoreta@gmail.com' is set on object 'Object Repository/RecordAndReplay4/Script4/Page_Amazon Iniciar sesin/input_Direccin de correo electrnico o nmero_cfb2c0'

2022-02-01 10:09:04 - [MESSAGE][PASSED] - Text 'nayeliangelicamartinezmoreta@gmail.com' is set on object 'Object Repository/RecordAndReplay4/Script4/Page_Amazon Iniciar sesin/input_Direccin de correo electrnico o nmero_cfb2c0'

2022-02-01 10:09:04 - [TEST_STEP][PASSED] - verifyElementClickable(findTestObject("Object Repository/RecordAndReplay1/Script1/Page_Amazon Iniciar sesin/input_Direccin de correo electrnico o nmero_cfb2c0")): Object 'Object Repository/RecordAndReplay1/Script1/Page_Amazon Iniciar sesin/input_Direccin de correo electrnico o nmero_cfb2c0' is clickable

2022-02-01 10:09:04 - [MESSAGE][PASSED] - Object 'Object Repository/RecordAndReplay1/Script1/Page_Amazon Iniciar sesin/input_Direccin de correo electrnico o nmero_cfb2c0' is clickable

2022-02-01 10:09:04 - [TEST_STEP][PASSED] - click(findTestObject("Object Repository/RecordAndReplay4/Script4/Page_Amazon Iniciar sesin/input_Escriba su correo electrnico o su nme_4466f0")): Object: 'Object Repository/RecordAndReplay4/Script4/Page_Amazon Iniciar sesin/input_Escriba su correo electrnico o su nme_4466f0' is clicked on

2022-02-01 10:09:05 - [MESSAGE][PASSED] - Object: 'Object Repository/RecordAndReplay4/Script4/Page_Amazon Iniciar sesin/input_Escriba su correo electrnico o su nme_4466f0' is clicked on

2022-02-01 10:09:05 - [TEST_STEP][PASSED] - click(findTestObject("Object Repository/RecordAndReplay4/Script4/Page_Amazon Iniciar sesin/input_Introduce tu contrasea_signInSubmit")): Object: 'Object Repository/RecordAndReplay4/Script4/Page_Amazon Iniciar sesin/input_Introduce tu contrasea_signInSubmit' is clicked on

2022-02-01 10:09:07 - [MESSAGE][PASSED] - Object: 'Object Repository/RecordAndReplay4/Script4/Page_Amazon Iniciar sesin/input_Introduce tu contrasea_signInSubmit' is clicked on

2022-02-01 10:09:07 - [TEST_STEP][PASSED] - click(findTestObject("Object Repository/RecordAndReplay4/Script4/Page_Amazon Iniciar sesin/div_Introduce tu contrasea")): Object: 'Object Repository/RecordAndReplay4/Script4/Page_Amazon Iniciar sesin/div_Introduce tu contrasea' is clicked on

2022-02-01 10:09:07 - [MESSAGE][PASSED] - Object: 'Object Repository/RecordAndReplay4/Script4/Page_Amazon Iniciar sesin/div_Introduce tu contrasea' is clicked on

2022-02-01 10:09:07 - [TEST_STEP][PASSED] - delay(3): Delayed 3 second(s)

2022-02-01 10:09:10 - [MESSAGE][PASSED] - Delayed 3 second(s)

2022-02-01 10:09:10 - [TEST_STEP][PASSED] - closeBrowser(): Browser is closed

2022-02-01 10:09:11 - [MESSAGE][PASSED] - Browser is closed]]></system-out>
         <system-err><![CDATA[]]></system-err>
      </testcase>
      <testcase name="Test Cases/Ejercicio1.1/Test_case_5_login" time="14.901" classname="Test Cases/Ejercicio1.1/Test_case_5_login" status="PASSED">
         <system-out><![CDATA[2022-02-01 10:09:11 - [TEST_CASE][PASSED] - Test Cases/Ejercicio1.1/Test_case_5_login: Test Cases/Ejercicio1.1/Test_case_5_login

2022-02-01 10:09:12 - [TEST_STEP][PASSED] - openBrowser(""): Browser is opened with url: ''

2022-02-01 10:09:12 - [MESSAGE][INFO] - Starting 'Chrome' driver

2022-02-01 10:09:12 - [MESSAGE][INFO] - Action delay is set to 0 milliseconds

2022-02-01 10:09:14 - [MESSAGE][PASSED] - Browser is opened with url: ''

2022-02-01 10:09:14 - [TEST_STEP][PASSED] - navigateToUrl("https://www.amazon.com/ap/signin?_encoding=UTF8&language=es&openid.assoc_handle=usflex&openid.claimed_id=http%3A%2F%2Fspecs.openid.net%2Fauth%2F2.0%2Fidentifier_select&openid.identity=http%3A%2F%2Fspecs.openid.net%2Fauth%2F2.0%2Fidentifier_select&openid.mode=checkid_setup&openid.ns=http%3A%2F%2Fspecs.openid.net%2Fauth%2F2.0&openid.ns.pape=http%3A%2F%2Fspecs.openid.net%2Fextensions%2Fpape%2F1.0&openid.pape.max_auth_age=0&openid.return_to=https%3A%2F%2Fwww.amazon.com%2Fgp%2Fyourstore%2Fhome%3Fie%3DUTF8%26action%3Dsign-out%26language%3Des%26path%3D%252Fgp%252Fyourstore%252Fhome%26ref_%3Dnav_AccountFlyout_signout%26signIn%3D1%26useRedirectOnSuccess%3D1"): Navigate to 'https://www.amazon.com/ap/signin?_encoding=UTF8&language=es&openid.assoc_handle=usflex&openid.claimed_id=http%3A%2F%2Fspecs.openid.net%2Fauth%2F2.0%2Fidentifier_select&openid.identity=http%3A%2F%2Fspecs.openid.net%2Fauth%2F2.0%2Fidentifier_select&openid.mode=checkid_setup&openid.ns=http%3A%2F%2Fspecs.openid.net%2Fauth%2F2.0&openid.ns.pape=http%3A%2F%2Fspecs.openid.net%2Fextensions%2Fpape%2F1.0&openid.pape.max_auth_age=0&openid.return_to=https%3A%2F%2Fwww.amazon.com%2Fgp%2Fyourstore%2Fhome%3Fie%3DUTF8%26action%3Dsign-out%26language%3Des%26path%3D%252Fgp%252Fyourstore%252Fhome%26ref_%3Dnav_AccountFlyout_signout%26signIn%3D1%26useRedirectOnSuccess%3D1' successfully

2022-02-01 10:09:20 - [MESSAGE][PASSED] - Navigate to 'https://www.amazon.com/ap/signin?_encoding=UTF8&language=es&openid.assoc_handle=usflex&openid.claimed_id=http%3A%2F%2Fspecs.openid.net%2Fauth%2F2.0%2Fidentifier_select&openid.identity=http%3A%2F%2Fspecs.openid.net%2Fauth%2F2.0%2Fidentifier_select&openid.mode=checkid_setup&openid.ns=http%3A%2F%2Fspecs.openid.net%2Fauth%2F2.0&openid.ns.pape=http%3A%2F%2Fspecs.openid.net%2Fextensions%2Fpape%2F1.0&openid.pape.max_auth_age=0&openid.return_to=https%3A%2F%2Fwww.amazon.com%2Fgp%2Fyourstore%2Fhome%3Fie%3DUTF8%26action%3Dsign-out%26language%3Des%26path%3D%252Fgp%252Fyourstore%252Fhome%26ref_%3Dnav_AccountFlyout_signout%26signIn%3D1%26useRedirectOnSuccess%3D1' successfully

2022-02-01 10:09:20 - [TEST_STEP][PASSED] - verifyElementPresent(findTestObject("Object Repository/RecordAndReplay1/Script1/Page_Amazon Iniciar sesin/input_Escriba su correo electrnico o su nme_4466f0"), 0): Object 'Object Repository/RecordAndReplay1/Script1/Page_Amazon Iniciar sesin/input_Escriba su correo electrnico o su nme_4466f0' is present

2022-02-01 10:09:20 - [MESSAGE][WARNING] - Timeout '0' is invalid. Using default page load timeout: '30'

2022-02-01 10:09:21 - [MESSAGE][PASSED] - Object 'Object Repository/RecordAndReplay1/Script1/Page_Amazon Iniciar sesin/input_Escriba su correo electrnico o su nme_4466f0' is present

2022-02-01 10:09:21 - [TEST_STEP][PASSED] - click(findTestObject("Object Repository/RecorAndReplay5/Script/Page_Amazon Iniciar sesin/input_Escriba su correo electrnico o su nme_4466f0")): Object: 'Object Repository/RecorAndReplay5/Script/Page_Amazon Iniciar sesin/input_Escriba su correo electrnico o su nme_4466f0' is clicked on

2022-02-01 10:09:22 - [MESSAGE][PASSED] - Object: 'Object Repository/RecorAndReplay5/Script/Page_Amazon Iniciar sesin/input_Escriba su correo electrnico o su nme_4466f0' is clicked on

2022-02-01 10:09:22 - [TEST_STEP][PASSED] - verifyElementClickable(findTestObject("Object Repository/RecordAndReplay1/Script1/Page_Amazon Iniciar sesin/input_Direccin de correo electrnico o nmero_cfb2c0")): Object 'Object Repository/RecordAndReplay1/Script1/Page_Amazon Iniciar sesin/input_Direccin de correo electrnico o nmero_cfb2c0' is clickable

2022-02-01 10:09:22 - [MESSAGE][PASSED] - Object 'Object Repository/RecordAndReplay1/Script1/Page_Amazon Iniciar sesin/input_Direccin de correo electrnico o nmero_cfb2c0' is clickable

2022-02-01 10:09:22 - [TEST_STEP][PASSED] - click(findTestObject("Object Repository/RecorAndReplay5/Script/Page_Amazon Iniciar sesin/div_Escriba su correo electrnico o su nmero_20b649")): Object: 'Object Repository/RecorAndReplay5/Script/Page_Amazon Iniciar sesin/div_Escriba su correo electrnico o su nmero_20b649' is clicked on

2022-02-01 10:09:22 - [MESSAGE][PASSED] - Object: 'Object Repository/RecorAndReplay5/Script/Page_Amazon Iniciar sesin/div_Escriba su correo electrnico o su nmero_20b649' is clicked on

2022-02-01 10:09:22 - [TEST_STEP][PASSED] - delay(3): Delayed 3 second(s)

2022-02-01 10:09:25 - [MESSAGE][PASSED] - Delayed 3 second(s)

2022-02-01 10:09:25 - [TEST_STEP][PASSED] - closeBrowser(): Browser is closed

2022-02-01 10:09:26 - [MESSAGE][PASSED] - Browser is closed]]></system-out>
         <system-err><![CDATA[]]></system-err>
      </testcase>
      <system-out><![CDATA[2022-02-01 10:05:46 - [TEST_SUITE][PASSED] - TestSuiteForData: Test Cases/Ejercicio1.1/Test_case_5_login]]></system-out>
      <system-err><![CDATA[]]></system-err>
   </testsuite>
</testsuites>
